#
# A fatal error has been detected by the Java Runtime Environment:
#
#  SIGSEGV (0xb) at pc=0x00007fff91ffd8b5, pid=1993, tid=35595
#
# JRE version: 7.0_15-b03
# Java VM: Java HotSpot(TM) 64-Bit Server VM (23.7-b01 mixed mode bsd-amd64 compressed oops)
# Problematic frame:
# C  [libGL.dylib+0x18b5]  glGetString+0xf
#
# Failed to write core dump. Core dumps have been disabled. To enable core dumping, try "ulimit -c unlimited" before starting Java again
#
# If you would like to submit a bug report, please visit:
#   http://bugreport.sun.com/bugreport/crash.jsp
# The crash happened outside the Java Virtual Machine in native code.
# See problematic frame for where to report the bug.
#

---------------  T H R E A D  ---------------

Current thread (0x00007fc2eb11c000):  JavaThread "Java2D Queue Flusher" daemon [_thread_in_native, id=35595, stack(0x00000001755f1000,0x00000001756f1000)]

siginfo:si_signo=SIGSEGV: si_errno=0, si_code=1 (SEGV_MAPERR), si_addr=0x00000000000003b0

Registers:
RAX=0x0000000000001f00, RBX=0x00000001719fa8f0, RCX=0x0000000000000000, RDX=0x0000000000000000
RSP=0x00000001756f0910, RBP=0x00000001756f0910, RSI=0x00000001756f09b8, RDI=0x0000000000001f00
R8 =0x8000000000000000, R9 =0x0000000000000009, R10=0x000000010a692f64, R11=0x0000000109e08e1b
R12=0x0000000000000000, R13=0x000000010db7ecb8, R14=0x00000001756f09c0, R15=0x00007fc2eb11c000
RIP=0x00007fff91ffd8b5, EFLAGS=0x0000000000010202, ERR=0x0000000000000004
  TRAPNO=0x000000000000000e

Top of Stack: (sp=0x00000001756f0910)
0x00000001756f0910:   00000001756f0950 000000017197ad7b
0x00000001756f0920:   00007fc2eb11c1d8 000000010db7ecb8
0x00000001756f0930:   0000000000000000 000000010db7ecb8
0x00000001756f0940:   00000001756f09c0 00007fc2eb11c000
0x00000001756f0950:   00000001756f09a8 000000010a692f90
0x00000001756f0960:   000000010a69e1a3 00000001756f0968
0x00000001756f0970:   000000010db7ecb8 00000001756f09c0
0x00000001756f0980:   000000010db81ba0 0000000000000000
0x00000001756f0990:   000000010db7ecb8 0000000000000000
0x00000001756f09a0:   00000001756f09c8 00000001756f0a18
0x00000001756f09b0:   000000010a687333 000000014e385830
0x00000001756f09c0:   000000010a68fddb 0000000000000000
0x00000001756f09d0:   000000014e384af0 00000001756f09d8
0x00000001756f09e0:   000000010db8214d 00000001756f0a28
0x00000001756f09f0:   000000010db82468 0000000000000000
0x00000001756f0a00:   000000010db82158 00000001756f09c8
0x00000001756f0a10:   00000001756f0a28 00000001756f0a80
0x00000001756f0a20:   000000010a687806 000000014e3859b0
0x00000001756f0a30:   0000000000000001 000000014e384e70
0x00000001756f0a40:   00000001756f0a30 000000010db69587
0x00000001756f0a50:   00000001756f0aa8 000000010db69a40
0x00000001756f0a60:   0000000000000000 000000010db69650
0x00000001756f0a70:   00000001756f0a28 00000001756f0aa8
0x00000001756f0a80:   00000001756f0b10 000000010a6814f7
0x00000001756f0a90:   0000000000000000 0000000000000000
0x00000001756f0aa0:   0000000000000000 000000014e384e70
0x00000001756f0ab0:   0000000100001fa0 0000000000000001
0x00000001756f0ac0:   00007fc2eb11c000 000000010a68146f
0x00000001756f0ad0:   000000000000000a 00007fc2eac9ee80
0x00000001756f0ae0:   00000001756f0b80 00000001756f0d50
0x00000001756f0af0:   000000000000000a 000000010db69650
0x00000001756f0b00:   000000010a691700 00000001756f0cc0 

Instructions: (pc=0x00007fff91ffd8b5)
0x00007fff91ffd895:   00 48 8b 8a a8 03 00 00 48 8b 3a 48 89 c6 5d ff
0x00007fff91ffd8a5:   e1 55 48 89 e5 89 f8 65 48 8b 14 25 f0 00 00 00
0x00007fff91ffd8b5:   48 8b 8a b0 03 00 00 48 8b 3a 89 c6 5d ff e1 55
0x00007fff91ffd8c5:   48 89 e5 49 89 d0 89 f1 89 fa 65 48 8b 34 25 f0 

Register to memory mapping:

RAX=0x0000000000001f00 is an unknown value
RBX=0x00000001719fa8f0: j2d_glGetString+0 in /Library/Java/JavaVirtualMachines/jdk1.7.0_15.jdk/Contents/Home/jre/lib/lwawt/liblwawt.dylib at 0x0000000171977000
RCX=0x0000000000000000 is an unknown value
RDX=0x0000000000000000 is an unknown value
RSP=0x00000001756f0910 is pointing into the stack for thread: 0x00007fc2eb11c000
RBP=0x00000001756f0910 is pointing into the stack for thread: 0x00007fc2eb11c000
RSI=0x00000001756f09b8 is pointing into the stack for thread: 0x00007fc2eb11c000
RDI=0x0000000000001f00 is an unknown value
R8 =0x8000000000000000 is an unknown value
R9 =0x0000000000000009 is an unknown value
R10=0x000000010a692f64 is an Interpreter codelet
method entry point (kind = native)  [0x000000010a692d00, 0x000000010a693540]  2112 bytes
R11=0x0000000109e08e1b: throw_unsatisfied_link_error+0 in /Library/Java/JavaVirtualMachines/jdk1.7.0_15.jdk/Contents/Home/jre/lib/server/libjvm.dylib at 0x0000000109a04000
R12=0x0000000000000000 is an unknown value
R13=0x000000010db7ecb8 is an oop
{method} 
 - klass: {other class}
R14=0x00000001756f09c0 is pointing into the stack for thread: 0x00007fc2eb11c000
R15=0x00007fc2eb11c000 is a thread


Stack: [0x00000001755f1000,0x00000001756f1000],  sp=0x00000001756f0910,  free space=1022k
Native frames: (J=compiled Java code, j=interpreted, Vv=VM code, C=native code)
C  [libGL.dylib+0x18b5]  glGetString+0xf
C  [liblwawt.dylib+0x3d7b]  Java_sun_java2d_opengl_OGLContext_getOGLIdString+0x23
j  sun.java2d.opengl.OGLContext.getOGLIdString()Ljava/lang/String;+0
j  sun.java2d.opengl.CGLGraphicsConfig$1.run()V+5
j  sun.java2d.opengl.OGLRenderQueue$QueueFlusher.run()V+95
v  ~StubRoutines::call_stub
V  [libjvm.dylib+0x28852f]
V  [libjvm.dylib+0x288a0c]
V  [libjvm.dylib+0x288b46]
V  [libjvm.dylib+0x2bf4c0]
V  [libjvm.dylib+0x478294]
V  [libjvm.dylib+0x47977a]
V  [libjvm.dylib+0x3b5191]
C  [libsystem_c.dylib+0x14772]  _pthread_start+0x147
C  [libsystem_c.dylib+0x11a1]  thread_start+0xd

Java frames: (J=compiled Java code, j=interpreted, Vv=VM code)
j  sun.java2d.opengl.OGLContext.getOGLIdString()Ljava/lang/String;+0
j  sun.java2d.opengl.CGLGraphicsConfig$1.run()V+5
j  sun.java2d.opengl.OGLRenderQueue$QueueFlusher.run()V+95
v  ~StubRoutines::call_stub

---------------  P R O C E S S  ---------------

Java Threads: ( => current thread )
=>0x00007fc2eb11c000 JavaThread "Java2D Queue Flusher" daemon [_thread_in_native, id=35595, stack(0x00000001755f1000,0x00000001756f1000)]
  0x00007fc2ec03c000 JavaThread "AWT-Shutdown" [_thread_blocked, id=21255, stack(0x0000000171a4d000,0x0000000171b4d000)]
  0x00007fc2ec05e000 JavaThread "AWT-AppKit" daemon [_thread_in_native, id=1799, stack(0x00007fff55b26000,0x00007fff56326000)]
  0x00007fc2eb088000 JavaThread "Service Thread" daemon [_thread_blocked, id=20739, stack(0x00000001715ac000,0x00000001716ac000)]
  0x00007fc2eb077000 JavaThread "C2 CompilerThread1" daemon [_thread_blocked, id=20483, stack(0x00000001714a9000,0x00000001715a9000)]
  0x00007fc2eb075000 JavaThread "C2 CompilerThread0" daemon [_thread_blocked, id=20227, stack(0x00000001713a6000,0x00000001714a6000)]
  0x00007fc2eb07d000 JavaThread "Signal Dispatcher" daemon [_thread_blocked, id=19971, stack(0x00000001712a3000,0x00000001713a3000)]
  0x00007fc2eb061800 JavaThread "Finalizer" daemon [_thread_blocked, id=15107, stack(0x0000000170f5a000,0x000000017105a000)]
  0x00007fc2eb05b800 JavaThread "Reference Handler" daemon [_thread_blocked, id=14851, stack(0x0000000170e57000,0x0000000170f57000)]
  0x00007fc2eb00e000 JavaThread "main" [_thread_blocked, id=5891, stack(0x000000010a4ac000,0x000000010a5ac000)]

Other Threads:
  0x00007fc2eb059000 VMThread [stack: 0x0000000170d54000,0x0000000170e54000] [id=14595]
  0x00007fc2eb090800 WatcherThread [stack: 0x00000001716af000,0x00000001717af000] [id=20995]

VM state:not at safepoint (normal execution)

VM Mutex/Monitor currently owned by a thread: None

Heap
 PSYoungGen      total 26688K, used 1841K [0x000000014e2c0000, 0x0000000150080000, 0x000000016bf60000)
  eden space 22912K, 8% used [0x000000014e2c0000,0x000000014e48c4c0,0x000000014f920000)
  from space 3776K, 0% used [0x000000014fcd0000,0x000000014fcd0000,0x0000000150080000)
  to   space 3776K, 0% used [0x000000014f920000,0x000000014f920000,0x000000014fcd0000)
 ParOldGen       total 60992K, used 0K [0x0000000112960000, 0x00000001164f0000, 0x000000014e2c0000)
  object space 60992K, 0% used [0x0000000112960000,0x0000000112960000,0x00000001164f0000)
 PSPermGen       total 21248K, used 4233K [0x000000010d760000, 0x000000010ec20000, 0x0000000112960000)
  object space 21248K, 19% used [0x000000010d760000,0x000000010db824e8,0x000000010ec20000)

Card table byte_map: [0x000000016bf60000,0x000000016c255000] byte_map_base: 0x000000016b6f4500

Polling page: 0x000000010a5eb000

Code Cache  [0x000000010a681000, 0x000000010a8f1000, 0x000000010d681000)
 total_blobs=212 nmethods=1 adapters=164 free_code_cache=48754Kb largest_free_block=49923712

Compilation events (2 events):
Event: 0.089 Thread 0x00007fc2eb075000    1             java.lang.String::hashCode (55 bytes)
Event: 0.096 Thread 0x00007fc2eb075000 nmethod 1 0x000000010a6e1350 code [0x000000010a6e14a0, 0x000000010a6e1638]

GC Heap History (0 events):
No events

Deoptimization events (0 events):
No events

Internal exceptions (10 events):
Event: 0.104 Thread 0x00007fc2eb00e000 Threw 0x000000014e3506c8 at /HUDSON/workspace/jdk7u15-2-build-macosx-amd64-product/jdk7u15/hotspot/src/share/vm/prims/jvm.cpp:1166
Event: 0.105 Thread 0x00007fc2eb00e000 Threw 0x000000014e351160 at /HUDSON/workspace/jdk7u15-2-build-macosx-amd64-product/jdk7u15/hotspot/src/share/vm/prims/jni.cpp:716
Event: 0.105 Thread 0x00007fc2eb00e000 Threw 0x000000014e351280 at /HUDSON/workspace/jdk7u15-2-build-macosx-amd64-product/jdk7u15/hotspot/src/share/vm/prims/jvm.cpp:1166
Event: 0.105 Thread 0x00007fc2eb00e000 Threw 0x000000014e3513a8 at /HUDSON/workspace/jdk7u15-2-build-macosx-amd64-product/jdk7u15/hotspot/src/share/vm/prims/jvm.cpp:1166
Event: 0.107 Thread 0x00007fc2eb00e000 Threw 0x000000014e363778 at /HUDSON/workspace/jdk7u15-2-build-macosx-amd64-product/jdk7u15/hotspot/src/share/vm/prims/jni.cpp:716
Event: 0.107 Thread 0x00007fc2eb00e000 Threw 0x000000014e363898 at /HUDSON/workspace/jdk7u15-2-build-macosx-amd64-product/jdk7u15/hotspot/src/share/vm/prims/jvm.cpp:1166
Event: 0.107 Thread 0x00007fc2eb00e000 Threw 0x000000014e3639c0 at /HUDSON/workspace/jdk7u15-2-build-macosx-amd64-product/jdk7u15/hotspot/src/share/vm/prims/jvm.cpp:1166
Event: 0.107 Thread 0x00007fc2eb00e000 Threw 0x000000014e363c10 at /HUDSON/workspace/jdk7u15-2-build-macosx-amd64-product/jdk7u15/hotspot/src/share/vm/prims/jvm.cpp:1166
Event: 0.387 Thread 0x00007fc2eb00e000 Threw 0x000000014e370e68 at /HUDSON/workspace/jdk7u15-2-build-macosx-amd64-product/jdk7u15/hotspot/src/share/vm/prims/jni.cpp:716
Event: 0.387 Thread 0x00007fc2eb00e000 Threw 0x000000014e3717a8 at /HUDSON/workspace/jdk7u15-2-build-macosx-amd64-product/jdk7u15/hotspot/src/share/vm/prims/jni.cpp:716

Events (10 events):
Event: 0.401 loading class 0x00007fc2eaca2300 done
Event: 0.401 loading class 0x00007fc2eb83af70 done
Event: 0.402 loading class 0x00007fc2eaca2250
Event: 0.402 loading class 0x00007fc2eaca2250 done
Event: 0.402 loading class 0x00007fc2eb8a5c80
Event: 0.402 loading class 0x00007fc2eaca3370
Event: 0.402 loading class 0x00007fc2eaca3370 done
Event: 0.402 loading class 0x00007fc2eb8a5c80 done
Event: 0.466 loading class 0x00007fc2eb8a5d00
Event: 0.467 loading class 0x00007fc2eb8a5d00 done


Dynamic libraries:
0x000000000c52e000 	/System/Library/Frameworks/Cocoa.framework/Versions/A/Cocoa
0x000000000c52e000 	/System/Library/Frameworks/Security.framework/Versions/A/Security
0x000000000c52e000 	/System/Library/Frameworks/ApplicationServices.framework/Versions/A/ApplicationServices
0x000000000c52e000 	/usr/lib/libz.1.dylib
0x000000000c52e000 	/usr/lib/libSystem.B.dylib
0x000000000c52e000 	/usr/lib/libobjc.A.dylib
0x000000000c52e000 	/System/Library/Frameworks/CoreFoundation.framework/Versions/A/CoreFoundation
0x000000000c52e000 	/System/Library/Frameworks/AppKit.framework/Versions/C/AppKit
0x000000000c52e000 	/System/Library/Frameworks/CoreData.framework/Versions/A/CoreData
0x000000000c52e000 	/System/Library/Frameworks/Foundation.framework/Versions/C/Foundation
0x000000000c52e000 	/System/Library/PrivateFrameworks/RemoteViewServices.framework/Versions/A/RemoteViewServices
0x000000000c52e000 	/System/Library/Frameworks/AudioToolbox.framework/Versions/A/AudioToolbox
0x000000000c52e000 	/System/Library/Frameworks/AudioUnit.framework/Versions/A/AudioUnit
0x000000000c52e000 	/System/Library/PrivateFrameworks/DataDetectorsCore.framework/Versions/A/DataDetectorsCore
0x000000000c52e000 	/System/Library/PrivateFrameworks/DesktopServicesPriv.framework/Versions/A/DesktopServicesPriv
0x000000000c52e000 	/System/Library/Frameworks/Carbon.framework/Versions/A/Frameworks/HIToolbox.framework/Versions/A/HIToolbox
0x000000000c52e000 	/System/Library/Frameworks/QuartzCore.framework/Versions/A/QuartzCore
0x000000000c52e000 	/System/Library/Frameworks/Carbon.framework/Versions/A/Frameworks/SpeechRecognition.framework/Versions/A/SpeechRecognition
0x000000000c52e000 	/usr/lib/libauto.dylib
0x000000000c52e000 	/usr/lib/libicucore.A.dylib
0x000000000c52e000 	/usr/lib/libxml2.2.dylib
0x000000000c52e000 	/System/Library/PrivateFrameworks/CoreUI.framework/Versions/A/CoreUI
0x000000000c52e000 	/System/Library/Frameworks/CoreAudio.framework/Versions/A/CoreAudio
0x000000000c52e000 	/System/Library/Frameworks/DiskArbitration.framework/Versions/A/DiskArbitration
0x000000000c52e000 	/usr/lib/liblangid.dylib
0x000000000c52e000 	/System/Library/PrivateFrameworks/MultitouchSupport.framework/Versions/A/MultitouchSupport
0x000000000c52e000 	/System/Library/Frameworks/IOKit.framework/Versions/A/IOKit
0x000000000c52e000 	/usr/lib/libDiagnosticMessagesClient.dylib
0x000000000c52e000 	/System/Library/Frameworks/CoreServices.framework/Versions/A/CoreServices
0x000000000c52e000 	/System/Library/PrivateFrameworks/PerformanceAnalysis.framework/Versions/A/PerformanceAnalysis
0x000000000c52e000 	/System/Library/PrivateFrameworks/GenerationalStorage.framework/Versions/A/GenerationalStorage
0x000000000c52e000 	/System/Library/Frameworks/OpenGL.framework/Versions/A/OpenGL
0x000000000c52e000 	/System/Library/Frameworks/CoreText.framework/Versions/A/CoreText
0x000000000c52e000 	/System/Library/Frameworks/ImageIO.framework/Versions/A/ImageIO
0x000000000c52e000 	/System/Library/PrivateFrameworks/Backup.framework/Versions/A/Backup
0x000000000c52e000 	/System/Library/Frameworks/CFNetwork.framework/Versions/A/CFNetwork
0x000000000c52e000 	/System/Library/Frameworks/SystemConfiguration.framework/Versions/A/SystemConfiguration
0x000000000c52e000 	/usr/lib/libCRFSuite.dylib
0x000000000c52e000 	/System/Library/PrivateFrameworks/TCC.framework/Versions/A/TCC
0x000000000c52e000 	/usr/lib/libc++.1.dylib
0x000000000c52e000 	/usr/lib/libc++abi.dylib
0x000000000c52e000 	/usr/lib/system/libcache.dylib
0x000000000c52e000 	/usr/lib/system/libcommonCrypto.dylib
0x000000000c52e000 	/usr/lib/system/libcompiler_rt.dylib
0x000000000c52e000 	/usr/lib/system/libcopyfile.dylib
0x000000000c52e000 	/usr/lib/system/libdispatch.dylib
0x000000000c52e000 	/usr/lib/system/libdnsinfo.dylib
0x000000000c52e000 	/usr/lib/system/libdyld.dylib
0x000000000c52e000 	/usr/lib/system/libkeymgr.dylib
0x000000000c52e000 	/usr/lib/system/liblaunch.dylib
0x000000000c52e000 	/usr/lib/system/libmacho.dylib
0x000000000c52e000 	/usr/lib/system/libquarantine.dylib
0x000000000c52e000 	/usr/lib/system/libremovefile.dylib
0x000000000c52e000 	/usr/lib/system/libsystem_blocks.dylib
0x000000000c52e000 	/usr/lib/system/libsystem_c.dylib
0x000000000c52e000 	/usr/lib/system/libsystem_dnssd.dylib
0x000000000c52e000 	/usr/lib/system/libsystem_info.dylib
0x000000000c52e000 	/usr/lib/system/libsystem_kernel.dylib
0x000000000c52e000 	/usr/lib/system/libsystem_m.dylib
0x000000000c52e000 	/usr/lib/system/libsystem_network.dylib
0x000000000c52e000 	/usr/lib/system/libsystem_notify.dylib
0x000000000c52e000 	/usr/lib/system/libsystem_sandbox.dylib
0x000000000c52e000 	/usr/lib/system/libunc.dylib
0x000000000c52e000 	/usr/lib/system/libunwind.dylib
0x000000000c52e000 	/usr/lib/system/libxpc.dylib
0x000000000c52e000 	/usr/lib/system/libcorecrypto.dylib
0x000000000c52e000 	/usr/lib/libstdc++.6.dylib
0x000000000c52e000 	/usr/lib/libbsm.0.dylib
0x000000000c52e000 	/usr/lib/libsqlite3.dylib
0x000000000c52e000 	/usr/lib/libxar.1.dylib
0x000000000c52e000 	/usr/lib/libpam.2.dylib
0x000000000c52e000 	/usr/lib/libOpenScriptingUtil.dylib
0x000000000c52e000 	/usr/lib/libbz2.1.0.dylib
0x000000000c52e000 	/System/Library/Frameworks/CoreServices.framework/Versions/A/Frameworks/CarbonCore.framework/Versions/A/CarbonCore
0x000000000c52e000 	/System/Library/Frameworks/CoreServices.framework/Versions/A/Frameworks/Metadata.framework/Versions/A/Metadata
0x000000000c52e000 	/System/Library/Frameworks/CoreServices.framework/Versions/A/Frameworks/OSServices.framework/Versions/A/OSServices
0x000000000c52e000 	/System/Library/Frameworks/CoreServices.framework/Versions/A/Frameworks/SearchKit.framework/Versions/A/SearchKit
0x000000000c52e000 	/System/Library/Frameworks/CoreServices.framework/Versions/A/Frameworks/AE.framework/Versions/A/AE
0x000000000c52e000 	/System/Library/Frameworks/CoreServices.framework/Versions/A/Frameworks/LaunchServices.framework/Versions/A/LaunchServices
0x000000000c52e000 	/System/Library/Frameworks/CoreServices.framework/Versions/A/Frameworks/DictionaryServices.framework/Versions/A/DictionaryServices
0x000000000c52e000 	/System/Library/Frameworks/NetFS.framework/Versions/A/NetFS
0x000000000c52e000 	/usr/lib/system/libkxld.dylib
0x000000000c52e000 	/System/Library/PrivateFrameworks/NetAuth.framework/Versions/A/NetAuth
0x000000000c52e000 	/System/Library/Frameworks/OpenDirectory.framework/Versions/A/Frameworks/CFOpenDirectory.framework/Versions/A/CFOpenDirectory
0x000000000c52e000 	/usr/lib/libxslt.1.dylib
0x000000000c52e000 	/System/Library/PrivateFrameworks/FamilyControls.framework/Versions/A/FamilyControls
0x000000000c52e000 	/System/Library/Frameworks/Carbon.framework/Versions/A/Frameworks/Ink.framework/Versions/A/Ink
0x000000000c52e000 	/System/Library/Frameworks/ApplicationServices.framework/Versions/A/Frameworks/CoreGraphics.framework/Versions/A/CoreGraphics
0x000000000c52e000 	/System/Library/Frameworks/ApplicationServices.framework/Versions/A/Frameworks/ATS.framework/Versions/A/ATS
0x000000000c52e000 	/System/Library/Frameworks/ApplicationServices.framework/Versions/A/Frameworks/ColorSync.framework/Versions/A/ColorSync
0x000000000c52e000 	/System/Library/Frameworks/ApplicationServices.framework/Versions/A/Frameworks/HIServices.framework/Versions/A/HIServices
0x000000000c52e000 	/System/Library/Frameworks/ApplicationServices.framework/Versions/A/Frameworks/LangAnalysis.framework/Versions/A/LangAnalysis
0x000000000c52e000 	/System/Library/Frameworks/ApplicationServices.framework/Versions/A/Frameworks/PrintCore.framework/Versions/A/PrintCore
0x000000000c52e000 	/System/Library/Frameworks/ApplicationServices.framework/Versions/A/Frameworks/QD.framework/Versions/A/QD
0x000000000c52e000 	/System/Library/Frameworks/ApplicationServices.framework/Versions/A/Frameworks/SpeechSynthesis.framework/Versions/A/SpeechSynthesis
0x000000000c52e000 	/System/Library/Frameworks/IOSurface.framework/Versions/A/IOSurface
0x000000000c52e000 	/System/Library/Frameworks/Accelerate.framework/Versions/A/Accelerate
0x000000000c52e000 	/System/Library/Frameworks/ApplicationServices.framework/Versions/A/Frameworks/ATS.framework/Versions/A/Resources/libFontParser.dylib
0x000000000c52e000 	/System/Library/Frameworks/ApplicationServices.framework/Versions/A/Frameworks/ATS.framework/Versions/A/Resources/libFontRegistry.dylib
0x000000000c52e000 	/System/Library/Frameworks/Accelerate.framework/Versions/A/Frameworks/vImage.framework/Versions/A/vImage
0x000000000c52e000 	/System/Library/Frameworks/Accelerate.framework/Versions/A/Frameworks/vecLib.framework/Versions/A/vecLib
0x000000000c52e000 	/System/Library/Frameworks/Accelerate.framework/Versions/A/Frameworks/vecLib.framework/Versions/A/libvDSP.dylib
0x000000000c52e000 	/System/Library/Frameworks/Accelerate.framework/Versions/A/Frameworks/vecLib.framework/Versions/A/libvMisc.dylib
0x000000000c52e000 	/System/Library/Frameworks/Accelerate.framework/Versions/A/Frameworks/vecLib.framework/Versions/A/libLAPACK.dylib
0x000000000c52e000 	/System/Library/Frameworks/Accelerate.framework/Versions/A/Frameworks/vecLib.framework/Versions/A/libBLAS.dylib
0x000000000c52e000 	/System/Library/Frameworks/ImageIO.framework/Versions/A/Resources/libJPEG.dylib
0x000000000c52e000 	/System/Library/Frameworks/ImageIO.framework/Versions/A/Resources/libTIFF.dylib
0x000000000c52e000 	/System/Library/Frameworks/ImageIO.framework/Versions/A/Resources/libPng.dylib
0x000000000c52e000 	/System/Library/Frameworks/ImageIO.framework/Versions/A/Resources/libGIF.dylib
0x000000000c52e000 	/System/Library/Frameworks/ImageIO.framework/Versions/A/Resources/libJP2.dylib
0x000000000c52e000 	/System/Library/Frameworks/ImageIO.framework/Versions/A/Resources/libRadiance.dylib
0x000000000c52e000 	/usr/lib/libcups.2.dylib
0x000000000c52e000 	/System/Library/Frameworks/Kerberos.framework/Versions/A/Kerberos
0x000000000c52e000 	/System/Library/Frameworks/GSS.framework/Versions/A/GSS
0x000000000c52e000 	/usr/lib/libresolv.9.dylib
0x000000000c52e000 	/usr/lib/libiconv.2.dylib
0x000000000c52e000 	/System/Library/PrivateFrameworks/Heimdal.framework/Versions/A/Heimdal
0x000000000c52e000 	/System/Library/PrivateFrameworks/TrustEvaluationAgent.framework/Versions/A/TrustEvaluationAgent
0x000000000c52e000 	/System/Library/Frameworks/OpenDirectory.framework/Versions/A/OpenDirectory
0x000000000c52e000 	/System/Library/PrivateFrameworks/CommonAuth.framework/Versions/A/CommonAuth
0x000000000c52e000 	/System/Library/PrivateFrameworks/Bom.framework/Versions/A/Bom
0x000000000c52e000 	/System/Library/Frameworks/CoreVideo.framework/Versions/A/CoreVideo
0x000000000c52e000 	/System/Library/Frameworks/QuartzCore.framework/Versions/A/Frameworks/CoreImage.framework/Versions/A/CoreImage
0x000000000c52e000 	/System/Library/Frameworks/QuartzCore.framework/Versions/A/Frameworks/ScalableUserInterface.framework/Versions/A/ScalableUserInterface
0x000000000c52e000 	/System/Library/Frameworks/OpenGL.framework/Versions/A/Libraries/libGLU.dylib
0x000000000c52e000 	/System/Library/Frameworks/OpenGL.framework/Versions/A/Libraries/libGFXShared.dylib
0x000000000c52e000 	/System/Library/Frameworks/OpenGL.framework/Versions/A/Libraries/libGL.dylib
0x000000000c52e000 	/System/Library/Frameworks/OpenGL.framework/Versions/A/Libraries/libGLImage.dylib
0x000000000c52e000 	/System/Library/Frameworks/OpenGL.framework/Versions/A/Libraries/libCVMSPluginSupport.dylib
0x000000000c52e000 	/System/Library/Frameworks/OpenGL.framework/Versions/A/Libraries/libCoreVMClient.dylib
0x000000000c52e000 	/System/Library/PrivateFrameworks/CrashReporterSupport.framework/Versions/A/CrashReporterSupport
0x000000000c52e000 	/System/Library/Frameworks/OpenCL.framework/Versions/A/OpenCL
0x000000000c52e000 	/System/Library/PrivateFrameworks/FaceCoreLight.framework/Versions/A/FaceCoreLight
0x000000000c52e000 	/System/Library/PrivateFrameworks/AppleFSCompression.framework/Versions/A/AppleFSCompression
0x000000000c52e000 	/System/Library/PrivateFrameworks/Ubiquity.framework/Versions/A/Ubiquity
0x000000000c52e000 	/System/Library/Frameworks/ServiceManagement.framework/Versions/A/ServiceManagement
0x000000000c52e000 	/System/Library/PrivateFrameworks/ChunkingLibrary.framework/Versions/A/ChunkingLibrary
0x000000000c52e000 	/System/Library/Frameworks/vecLib.framework/Versions/A/vecLib
0x000000000c52e000 	/System/Library/Frameworks/SecurityFoundation.framework/Versions/A/SecurityFoundation
0x000000000c52e000 	/System/Library/PrivateFrameworks/CommerceKit.framework/Versions/A/Frameworks/CommerceCore.framework/Versions/A/CommerceCore
0x000000000c52e000 	/System/Library/PrivateFrameworks/CoreSymbolication.framework/Versions/A/CoreSymbolication
0x000000000c52e000 	/System/Library/PrivateFrameworks/Symbolication.framework/Versions/A/Symbolication
0x000000000c52e000 	/System/Library/PrivateFrameworks/DebugSymbols.framework/Versions/A/DebugSymbols
0x0000000109a04000 	/Library/Java/JavaVirtualMachines/jdk1.7.0_15.jdk/Contents/Home/jre/lib/server/libjvm.dylib
0x000000010a5ae000 	/Library/Java/JavaVirtualMachines/jdk1.7.0_15.jdk/Contents/Home/jre/lib/libverify.dylib
0x000000010a5bb000 	/Library/Java/JavaVirtualMachines/jdk1.7.0_15.jdk/Contents/Home/jre/lib/libjava.dylib
0x000000010a678000 	/Library/Java/JavaVirtualMachines/jdk1.7.0_15.jdk/Contents/Home/jre/lib/libzip.dylib
0x000000017105c000 	/System/Library/Frameworks/JavaVM.framework/Frameworks/JavaRuntimeSupport.framework/JavaRuntimeSupport
0x0000000171074000 	/System/Library/Frameworks/JavaVM.framework/Versions/A/Frameworks/JavaNativeFoundation.framework/Versions/A/JavaNativeFoundation
0x000000010d742000 	/System/Library/Frameworks/JavaVM.framework/Versions/A/JavaVM
0x000000000c52e000 	/System/Library/Frameworks/Carbon.framework/Versions/A/Carbon
0x0000000171089000 	/System/Library/PrivateFrameworks/JavaLaunching.framework/Versions/A/JavaLaunching
0x000000000c52e000 	/System/Library/Frameworks/Carbon.framework/Versions/A/Frameworks/CommonPanels.framework/Versions/A/CommonPanels
0x000000000c52e000 	/System/Library/Frameworks/Carbon.framework/Versions/A/Frameworks/Help.framework/Versions/A/Help
0x000000000c52e000 	/System/Library/Frameworks/Carbon.framework/Versions/A/Frameworks/ImageCapture.framework/Versions/A/ImageCapture
0x000000000c52e000 	/System/Library/Frameworks/Carbon.framework/Versions/A/Frameworks/OpenScripting.framework/Versions/A/OpenScripting
0x000000000c52e000 	/System/Library/Frameworks/Carbon.framework/Versions/A/Frameworks/Print.framework/Versions/A/Print
0x000000000c52e000 	/System/Library/Frameworks/Carbon.framework/Versions/A/Frameworks/SecurityHI.framework/Versions/A/SecurityHI
0x00000001717fc000 	/Library/Java/JavaVirtualMachines/jdk1.7.0_15.jdk/Contents/Home/jre/lib/libawt.dylib
0x00000001718ab000 	/Library/Java/JavaVirtualMachines/jdk1.7.0_15.jdk/Contents/Home/jre/lib/./libmlib_image.dylib
0x0000000171977000 	/Library/Java/JavaVirtualMachines/jdk1.7.0_15.jdk/Contents/Home/jre/lib/lwawt/liblwawt.dylib
0x0000000171a29000 	/Library/Java/JavaVirtualMachines/jdk1.7.0_15.jdk/Contents/Home/jre/lib/libosxapp.dylib
0x0000000171a45000 	/System/Library/Frameworks/ExceptionHandling.framework/Versions/A/ExceptionHandling
0x000000000c52e000 	/System/Library/PrivateFrameworks/CoreServicesInternal.framework/Versions/A/CoreServicesInternal
0x000000000c52e000 	/System/Library/PrivateFrameworks/Librarian.framework/Versions/A/Librarian
0x000000000c52e000 	/System/Library/Frameworks/ApplicationServices.framework/Versions/A/Frameworks/CoreGraphics.framework/Versions/A/Resources/libCSync.A.dylib
0x000000000c52e000 	/System/Library/Frameworks/ApplicationServices.framework/Versions/A/Frameworks/CoreGraphics.framework/Versions/A/Resources/libRIP.A.dylib
0x000000000c52e000 	/System/Library/Frameworks/ApplicationServices.framework/Versions/A/Frameworks/CoreGraphics.framework/Versions/A/Resources/libCGXType.A.dylib
0x00000001756f3000 	/System/Library/Frameworks/OpenGL.framework/Resources/GLEngine.bundle/GLEngine
0x00000001758e8000 	/System/Library/Frameworks/OpenGL.framework/Versions/A/Libraries/libGLProgrammability.dylib
0x000000017311c000 	/System/Library/Frameworks/OpenGL.framework/Resources//GLRendererFloat.bundle/GLRendererFloat
0x00000001730dc000 	/System/Library/Frameworks/OpenCL.framework/Versions/A/Libraries/libcldcpuengine.dylib
0x000000000c52e000 	/System/Library/PrivateFrameworks/DiskImages.framework/Versions/A/DiskImages
0x000000000c52e000 	/System/Library/Frameworks/DiscRecording.framework/Versions/A/DiscRecording
0x000000000c52e000 	/usr/lib/libcurl.4.dylib
0x000000000c52e000 	/System/Library/PrivateFrameworks/MediaKit.framework/Versions/A/MediaKit
0x000000000c52e000 	/usr/lib/libssl.0.9.8.dylib
0x000000000c52e000 	/usr/lib/libcrypto.0.9.8.dylib
0x000000000c52e000 	/System/Library/Frameworks/LDAP.framework/Versions/A/LDAP
0x000000000c52e000 	/usr/lib/libsasl2.2.dylib

VM Arguments:
jvm_args: -Dfile.encoding=US-ASCII 
java_command: com.mitp0sh.jaclaff.test.SimpleGUI
Launcher Type: SUN_STANDARD

Environment Variables:
PATH=/usr/bin:/bin:/usr/sbin:/sbin
SHELL=/bin/bash

Signal Handlers:
SIGSEGV: [libjvm.dylib+0x4a361d], sa_mask[0]=0xfffefeff, sa_flags=0x00000042
SIGBUS: [libjvm.dylib+0x4a361d], sa_mask[0]=0xfffefeff, sa_flags=0x00000042
SIGFPE: [libjvm.dylib+0x3b302d], sa_mask[0]=0xfffefeff, sa_flags=0x00000042
SIGPIPE: [libjvm.dylib+0x3b302d], sa_mask[0]=0xfffefeff, sa_flags=0x00000042
SIGXFSZ: [libjvm.dylib+0x3b302d], sa_mask[0]=0xfffefeff, sa_flags=0x00000042
SIGILL: [libjvm.dylib+0x3b302d], sa_mask[0]=0xfffefeff, sa_flags=0x00000042
SIGUSR1: SIG_DFL, sa_mask[0]=0x00000000, sa_flags=0x00000002
SIGUSR2: [libjvm.dylib+0x3b2bc6], sa_mask[0]=0x00000004, sa_flags=0x00000042
SIGHUP: [libjvm.dylib+0x3b0e27], sa_mask[0]=0xfffefeff, sa_flags=0x00000042
SIGINT: [libjvm.dylib+0x3b0e27], sa_mask[0]=0xfffefeff, sa_flags=0x00000042
SIGTERM: [libjvm.dylib+0x3b0e27], sa_mask[0]=0xfffefeff, sa_flags=0x00000042
SIGQUIT: [libjvm.dylib+0x3b0e27], sa_mask[0]=0xfffefeff, sa_flags=0x00000042


---------------  S Y S T E M  ---------------

OS:Bsduname:Darwin 12.5.0 Darwin Kernel Version 12.5.0: Sun Sep 29 13:33:47 PDT 2013; root:xnu-2050.48.12~1/RELEASE_X86_64 x86_64
rlimit: STACK 8192k, CORE 0k, NPROC 709, NOFILE 10240, AS infinity
load average:0.98 1.24 1.41

CPU:total 2 (1 cores per cpu, 1 threads per core) family 6 model 42 stepping 7, cmov, cx8, fxsr, mmx, sse, sse2, sse3, ssse3, sse4.1, sse4.2, popcnt, avx, tsc, tscinvbit

Memory: 4k page, physical 5851432k(1462858k free)

/proc/meminfo:


vm_info: Java HotSpot(TM) 64-Bit Server VM (23.7-b01) for bsd-amd64 JRE (1.7.0_15-b03), built on Feb 15 2013 14:26:35 by "java_re" with gcc 4.2.1 (Based on Apple Inc. build 5658) (LLVM build 2336.11.00)

time: Sun Dec 29 03:33:01 2013
elapsed time: 0 seconds

