#
# A fatal error has been detected by the Java Runtime Environment:
#
#  SIGSEGV (0xb) at pc=0x00007fff91ffd8b5, pid=1791, tid=27151
#
# JRE version: 7.0_15-b03
# Java VM: Java HotSpot(TM) 64-Bit Server VM (23.7-b01 mixed mode bsd-amd64 compressed oops)
# Problematic frame:
# C  [libGL.dylib+0x18b5]  glGetString+0xf
#
# Failed to write core dump. Core dumps have been disabled. To enable core dumping, try "ulimit -c unlimited" before starting Java again
#
# If you would like to submit a bug report, please visit:
#   http://bugreport.sun.com/bugreport/crash.jsp
# The crash happened outside the Java Virtual Machine in native code.
# See problematic frame for where to report the bug.
#

---------------  T H R E A D  ---------------

Current thread (0x00007ffd910aa000):  JavaThread "Java2D Queue Flusher" daemon [_thread_in_native, id=27151, stack(0x0000000131dc1000,0x0000000131ec1000)]

siginfo:si_signo=SIGSEGV: si_errno=0, si_code=1 (SEGV_MAPERR), si_addr=0x00000000000003b0

Registers:
RAX=0x0000000000001f00, RBX=0x000000012e1ca8f0, RCX=0x0000000000000000, RDX=0x0000000000000000
RSP=0x0000000131ec0910, RBP=0x0000000131ec0910, RSI=0x0000000131ec09b8, RDI=0x0000000000001f00
R8 =0x8000000000000000, R9 =0x000000000000001b, R10=0x000000010b726f64, R11=0x000000010af1fe1b
R12=0x0000000000000000, R13=0x000000012820ecb8, R14=0x0000000131ec09c0, R15=0x00007ffd910aa000
RIP=0x00007fff91ffd8b5, EFLAGS=0x0000000000010202, ERR=0x0000000000000004
  TRAPNO=0x000000000000000e

Top of Stack: (sp=0x0000000131ec0910)
0x0000000131ec0910:   0000000131ec0950 000000012e14ad7b
0x0000000131ec0920:   00007ffd910aa1d8 000000012820ecb8
0x0000000131ec0930:   0000000000000000 000000012820ecb8
0x0000000131ec0940:   0000000131ec09c0 00007ffd910aa000
0x0000000131ec0950:   0000000131ec09a8 000000010b726f90
0x0000000131ec0960:   000000010b7321a3 0000000131ec0968
0x0000000131ec0970:   000000012820ecb8 0000000131ec09c0
0x0000000131ec0980:   0000000128211ba0 0000000000000000
0x0000000131ec0990:   000000012820ecb8 0000000000000000
0x0000000131ec09a0:   0000000131ec09c8 0000000131ec0a18
0x0000000131ec09b0:   000000010b71b333 000000010e8d7b78
0x0000000131ec09c0:   000000010b723ddb 0000000000000000
0x0000000131ec09d0:   000000010e8d6e38 0000000131ec09d8
0x0000000131ec09e0:   000000012821214d 0000000131ec0a28
0x0000000131ec09f0:   0000000128212468 0000000000000000
0x0000000131ec0a00:   0000000128212158 0000000131ec09c8
0x0000000131ec0a10:   0000000131ec0a28 0000000131ec0a80
0x0000000131ec0a20:   000000010b71b806 000000010e8d7cf8
0x0000000131ec0a30:   0000000000000001 000000010e8d71b8
0x0000000131ec0a40:   0000000131ec0a30 00000001281f9587
0x0000000131ec0a50:   0000000131ec0aa8 00000001281f9a40
0x0000000131ec0a60:   0000000000000000 00000001281f9650
0x0000000131ec0a70:   0000000131ec0a28 0000000131ec0aa8
0x0000000131ec0a80:   0000000131ec0b10 000000010b7154f7
0x0000000131ec0a90:   0000000000000000 0000000000000000
0x0000000131ec0aa0:   0000000000000000 000000010e8d71b8
0x0000000131ec0ab0:   0000000100001fa0 0000000000000001
0x0000000131ec0ac0:   00007ffd910aa000 000000010b71546f
0x0000000131ec0ad0:   000000000000000a 00007ffd90ca8e50
0x0000000131ec0ae0:   0000000131ec0b80 0000000131ec0d50
0x0000000131ec0af0:   000000000000000a 00000001281f9650
0x0000000131ec0b00:   000000010b725700 0000000131ec0cc0 

Instructions: (pc=0x00007fff91ffd8b5)
0x00007fff91ffd895:   00 48 8b 8a a8 03 00 00 48 8b 3a 48 89 c6 5d ff
0x00007fff91ffd8a5:   e1 55 48 89 e5 89 f8 65 48 8b 14 25 f0 00 00 00
0x00007fff91ffd8b5:   48 8b 8a b0 03 00 00 48 8b 3a 89 c6 5d ff e1 55
0x00007fff91ffd8c5:   48 89 e5 49 89 d0 89 f1 89 fa 65 48 8b 34 25 f0 

Register to memory mapping:

RAX=0x0000000000001f00 is an unknown value
RBX=0x000000012e1ca8f0: j2d_glGetString+0 in /Library/Java/JavaVirtualMachines/jdk1.7.0_15.jdk/Contents/Home/jre/lib/lwawt/liblwawt.dylib at 0x000000012e147000
RCX=0x0000000000000000 is an unknown value
RDX=0x0000000000000000 is an unknown value
RSP=0x0000000131ec0910 is pointing into the stack for thread: 0x00007ffd910aa000
RBP=0x0000000131ec0910 is pointing into the stack for thread: 0x00007ffd910aa000
RSI=0x0000000131ec09b8 is pointing into the stack for thread: 0x00007ffd910aa000
RDI=0x0000000000001f00 is an unknown value
R8 =0x8000000000000000 is an unknown value
R9 =0x000000000000001b is an unknown value
R10=0x000000010b726f64 is an Interpreter codelet
method entry point (kind = native)  [0x000000010b726d00, 0x000000010b727540]  2112 bytes
R11=0x000000010af1fe1b: throw_unsatisfied_link_error+0 in /Library/Java/JavaVirtualMachines/jdk1.7.0_15.jdk/Contents/Home/jre/lib/server/libjvm.dylib at 0x000000010ab1b000
R12=0x0000000000000000 is an unknown value
R13=0x000000012820ecb8 is an oop
{method} 
 - klass: {other class}
R14=0x0000000131ec09c0 is pointing into the stack for thread: 0x00007ffd910aa000
R15=0x00007ffd910aa000 is a thread


Stack: [0x0000000131dc1000,0x0000000131ec1000],  sp=0x0000000131ec0910,  free space=1022k
Native frames: (J=compiled Java code, j=interpreted, Vv=VM code, C=native code)
C  [libGL.dylib+0x18b5]  glGetString+0xf
C  [liblwawt.dylib+0x3d7b]  Java_sun_java2d_opengl_OGLContext_getOGLIdString+0x23
j  sun.java2d.opengl.OGLContext.getOGLIdString()Ljava/lang/String;+0
j  sun.java2d.opengl.CGLGraphicsConfig$1.run()V+5
j  sun.java2d.opengl.OGLRenderQueue$QueueFlusher.run()V+95
v  ~StubRoutines::call_stub
V  [libjvm.dylib+0x28852f]
V  [libjvm.dylib+0x288a0c]
V  [libjvm.dylib+0x288b46]
V  [libjvm.dylib+0x2bf4c0]
V  [libjvm.dylib+0x478294]
V  [libjvm.dylib+0x47977a]
V  [libjvm.dylib+0x3b5191]
C  [libsystem_c.dylib+0x14772]  _pthread_start+0x147
C  [libsystem_c.dylib+0x11a1]  thread_start+0xd

Java frames: (J=compiled Java code, j=interpreted, Vv=VM code)
j  sun.java2d.opengl.OGLContext.getOGLIdString()Ljava/lang/String;+0
j  sun.java2d.opengl.CGLGraphicsConfig$1.run()V+5
j  sun.java2d.opengl.OGLRenderQueue$QueueFlusher.run()V+95
v  ~StubRoutines::call_stub

---------------  P R O C E S S  ---------------

Java Threads: ( => current thread )
=>0x00007ffd910aa000 JavaThread "Java2D Queue Flusher" daemon [_thread_in_native, id=27151, stack(0x0000000131dc1000,0x0000000131ec1000)]
  0x00007ffd9108b000 JavaThread "AWT-Shutdown" [_thread_blocked, id=20487, stack(0x000000012e21d000,0x000000012e31d000)]
  0x00007ffd91085800 JavaThread "AWT-AppKit" daemon [_thread_in_native, id=1799, stack(0x00007fff54a0f000,0x00007fff5520f000)]
  0x00007ffd91060000 JavaThread "Service Thread" daemon [_thread_blocked, id=19971, stack(0x000000012dd84000,0x000000012de84000)]
  0x00007ffd9105f800 JavaThread "C2 CompilerThread1" daemon [_thread_blocked, id=19715, stack(0x000000012dc81000,0x000000012dd81000)]
  0x00007ffd91056800 JavaThread "C2 CompilerThread0" daemon [_thread_blocked, id=19459, stack(0x000000012db7e000,0x000000012dc7e000)]
  0x00007ffd91011800 JavaThread "Signal Dispatcher" daemon [_thread_blocked, id=19203, stack(0x000000012da7b000,0x000000012db7b000)]
  0x00007ffd92025800 JavaThread "Finalizer" daemon [_thread_blocked, id=13059, stack(0x000000012d620000,0x000000012d720000)]
  0x00007ffd9201f800 JavaThread "Reference Handler" daemon [_thread_blocked, id=12803, stack(0x000000012d51d000,0x000000012d61d000)]
  0x00007ffd9100e000 JavaThread "main" [_thread_blocked, id=4867, stack(0x000000010b5c3000,0x000000010b6c3000)]

Other Threads:
  0x00007ffd9201d000 VMThread [stack: 0x000000012d41a000,0x000000012d51a000] [id=12547]
  0x00007ffd91052800 WatcherThread [stack: 0x000000012de87000,0x000000012df87000] [id=20227]

VM state:not at safepoint (normal execution)

VM Mutex/Monitor currently owned by a thread: None

Heap
 def new generation   total 7808K, used 1189K [0x000000010e7f0000, 0x000000010f060000, 0x0000000116f40000)
  eden space 6976K,  17% used [0x000000010e7f0000, 0x000000010e919428, 0x000000010eec0000)
  from space 832K,   0% used [0x000000010eec0000, 0x000000010eec0000, 0x000000010ef90000)
  to   space 832K,   0% used [0x000000010ef90000, 0x000000010ef90000, 0x000000010f060000)
 tenured generation   total 17344K, used 0K [0x0000000116f40000, 0x0000000118030000, 0x0000000127df0000)
   the space 17344K,   0% used [0x0000000116f40000, 0x0000000116f40000, 0x0000000116f40200, 0x0000000118030000)
 compacting perm gen  total 21248K, used 4233K [0x0000000127df0000, 0x00000001292b0000, 0x000000012cff0000)
   the space 21248K,  19% used [0x0000000127df0000, 0x00000001282124e8, 0x0000000128212600, 0x00000001292b0000)
No shared spaces configured.

Card table byte_map: [0x000000012cff0000,0x000000012d0e5000] byte_map_base: 0x000000012c77c080

Polling page: 0x000000010b702000

Code Cache  [0x000000010b715000, 0x000000010b985000, 0x000000010e715000)
 total_blobs=212 nmethods=1 adapters=164 free_code_cache=48754Kb largest_free_block=49923712

Compilation events (2 events):
Event: 0.204 Thread 0x00007ffd91056800    1             java.lang.String::hashCode (55 bytes)
Event: 0.211 Thread 0x00007ffd91056800 nmethod 1 0x000000010b775350 code [0x000000010b7754a0, 0x000000010b775638]

GC Heap History (0 events):
No events

Deoptimization events (0 events):
No events

Internal exceptions (10 events):
Event: 0.211 Thread 0x00007ffd9100e000 Threw 0x000000010e87f300 at /HUDSON/workspace/jdk7u15-2-build-macosx-amd64-product/jdk7u15/hotspot/src/share/vm/prims/jvm.cpp:1166
Event: 0.212 Thread 0x00007ffd9100e000 Threw 0x000000010e87fd98 at /HUDSON/workspace/jdk7u15-2-build-macosx-amd64-product/jdk7u15/hotspot/src/share/vm/prims/jni.cpp:716
Event: 0.212 Thread 0x00007ffd9100e000 Threw 0x000000010e87feb8 at /HUDSON/workspace/jdk7u15-2-build-macosx-amd64-product/jdk7u15/hotspot/src/share/vm/prims/jvm.cpp:1166
Event: 0.212 Thread 0x00007ffd9100e000 Threw 0x000000010e87ffe0 at /HUDSON/workspace/jdk7u15-2-build-macosx-amd64-product/jdk7u15/hotspot/src/share/vm/prims/jvm.cpp:1166
Event: 0.216 Thread 0x00007ffd9100e000 Threw 0x000000010e892c30 at /HUDSON/workspace/jdk7u15-2-build-macosx-amd64-product/jdk7u15/hotspot/src/share/vm/prims/jni.cpp:716
Event: 0.216 Thread 0x00007ffd9100e000 Threw 0x000000010e892d50 at /HUDSON/workspace/jdk7u15-2-build-macosx-amd64-product/jdk7u15/hotspot/src/share/vm/prims/jvm.cpp:1166
Event: 0.216 Thread 0x00007ffd9100e000 Threw 0x000000010e892e78 at /HUDSON/workspace/jdk7u15-2-build-macosx-amd64-product/jdk7u15/hotspot/src/share/vm/prims/jvm.cpp:1166
Event: 0.217 Thread 0x00007ffd9100e000 Threw 0x000000010e8930c8 at /HUDSON/workspace/jdk7u15-2-build-macosx-amd64-product/jdk7u15/hotspot/src/share/vm/prims/jvm.cpp:1166
Event: 0.570 Thread 0x00007ffd9100e000 Threw 0x000000010e8a0320 at /HUDSON/workspace/jdk7u15-2-build-macosx-amd64-product/jdk7u15/hotspot/src/share/vm/prims/jni.cpp:716
Event: 0.570 Thread 0x00007ffd9100e000 Threw 0x000000010e8a0c60 at /HUDSON/workspace/jdk7u15-2-build-macosx-amd64-product/jdk7u15/hotspot/src/share/vm/prims/jni.cpp:716

Events (10 events):
Event: 0.586 loading class 0x00007ffd90cac2d0 done
Event: 0.586 loading class 0x00007ffd90c5b000 done
Event: 0.586 loading class 0x00007ffd90cac220
Event: 0.586 loading class 0x00007ffd90cac220 done
Event: 0.586 loading class 0x00007ffd90ca6610
Event: 0.586 loading class 0x00007ffd90cad340
Event: 0.586 loading class 0x00007ffd90cad340 done
Event: 0.586 loading class 0x00007ffd90ca6610 done
Event: 0.592 loading class 0x00007ffd90ca6690
Event: 0.592 loading class 0x00007ffd90ca6690 done


Dynamic libraries:
0x000000000c52e000 	/System/Library/Frameworks/Cocoa.framework/Versions/A/Cocoa
0x000000000c52e000 	/System/Library/Frameworks/Security.framework/Versions/A/Security
0x000000000c52e000 	/System/Library/Frameworks/ApplicationServices.framework/Versions/A/ApplicationServices
0x000000000c52e000 	/usr/lib/libz.1.dylib
0x000000000c52e000 	/usr/lib/libSystem.B.dylib
0x000000000c52e000 	/usr/lib/libobjc.A.dylib
0x000000000c52e000 	/System/Library/Frameworks/CoreFoundation.framework/Versions/A/CoreFoundation
0x000000000c52e000 	/System/Library/Frameworks/AppKit.framework/Versions/C/AppKit
0x000000000c52e000 	/System/Library/Frameworks/CoreData.framework/Versions/A/CoreData
0x000000000c52e000 	/System/Library/Frameworks/Foundation.framework/Versions/C/Foundation
0x000000000c52e000 	/System/Library/PrivateFrameworks/RemoteViewServices.framework/Versions/A/RemoteViewServices
0x000000000c52e000 	/System/Library/Frameworks/AudioToolbox.framework/Versions/A/AudioToolbox
0x000000000c52e000 	/System/Library/Frameworks/AudioUnit.framework/Versions/A/AudioUnit
0x000000000c52e000 	/System/Library/PrivateFrameworks/DataDetectorsCore.framework/Versions/A/DataDetectorsCore
0x000000000c52e000 	/System/Library/PrivateFrameworks/DesktopServicesPriv.framework/Versions/A/DesktopServicesPriv
0x000000000c52e000 	/System/Library/Frameworks/Carbon.framework/Versions/A/Frameworks/HIToolbox.framework/Versions/A/HIToolbox
0x000000000c52e000 	/System/Library/Frameworks/QuartzCore.framework/Versions/A/QuartzCore
0x000000000c52e000 	/System/Library/Frameworks/Carbon.framework/Versions/A/Frameworks/SpeechRecognition.framework/Versions/A/SpeechRecognition
0x000000000c52e000 	/usr/lib/libauto.dylib
0x000000000c52e000 	/usr/lib/libicucore.A.dylib
0x000000000c52e000 	/usr/lib/libxml2.2.dylib
0x000000000c52e000 	/System/Library/PrivateFrameworks/CoreUI.framework/Versions/A/CoreUI
0x000000000c52e000 	/System/Library/Frameworks/CoreAudio.framework/Versions/A/CoreAudio
0x000000000c52e000 	/System/Library/Frameworks/DiskArbitration.framework/Versions/A/DiskArbitration
0x000000000c52e000 	/usr/lib/liblangid.dylib
0x000000000c52e000 	/System/Library/PrivateFrameworks/MultitouchSupport.framework/Versions/A/MultitouchSupport
0x000000000c52e000 	/System/Library/Frameworks/IOKit.framework/Versions/A/IOKit
0x000000000c52e000 	/usr/lib/libDiagnosticMessagesClient.dylib
0x000000000c52e000 	/System/Library/Frameworks/CoreServices.framework/Versions/A/CoreServices
0x000000000c52e000 	/System/Library/PrivateFrameworks/PerformanceAnalysis.framework/Versions/A/PerformanceAnalysis
0x000000000c52e000 	/System/Library/PrivateFrameworks/GenerationalStorage.framework/Versions/A/GenerationalStorage
0x000000000c52e000 	/System/Library/Frameworks/OpenGL.framework/Versions/A/OpenGL
0x000000000c52e000 	/System/Library/Frameworks/CoreText.framework/Versions/A/CoreText
0x000000000c52e000 	/System/Library/Frameworks/ImageIO.framework/Versions/A/ImageIO
0x000000000c52e000 	/System/Library/PrivateFrameworks/Backup.framework/Versions/A/Backup
0x000000000c52e000 	/System/Library/Frameworks/CFNetwork.framework/Versions/A/CFNetwork
0x000000000c52e000 	/System/Library/Frameworks/SystemConfiguration.framework/Versions/A/SystemConfiguration
0x000000000c52e000 	/usr/lib/libCRFSuite.dylib
0x000000000c52e000 	/System/Library/PrivateFrameworks/TCC.framework/Versions/A/TCC
0x000000000c52e000 	/usr/lib/libc++.1.dylib
0x000000000c52e000 	/usr/lib/libc++abi.dylib
0x000000000c52e000 	/usr/lib/system/libcache.dylib
0x000000000c52e000 	/usr/lib/system/libcommonCrypto.dylib
0x000000000c52e000 	/usr/lib/system/libcompiler_rt.dylib
0x000000000c52e000 	/usr/lib/system/libcopyfile.dylib
0x000000000c52e000 	/usr/lib/system/libdispatch.dylib
0x000000000c52e000 	/usr/lib/system/libdnsinfo.dylib
0x000000000c52e000 	/usr/lib/system/libdyld.dylib
0x000000000c52e000 	/usr/lib/system/libkeymgr.dylib
0x000000000c52e000 	/usr/lib/system/liblaunch.dylib
0x000000000c52e000 	/usr/lib/system/libmacho.dylib
0x000000000c52e000 	/usr/lib/system/libquarantine.dylib
0x000000000c52e000 	/usr/lib/system/libremovefile.dylib
0x000000000c52e000 	/usr/lib/system/libsystem_blocks.dylib
0x000000000c52e000 	/usr/lib/system/libsystem_c.dylib
0x000000000c52e000 	/usr/lib/system/libsystem_dnssd.dylib
0x000000000c52e000 	/usr/lib/system/libsystem_info.dylib
0x000000000c52e000 	/usr/lib/system/libsystem_kernel.dylib
0x000000000c52e000 	/usr/lib/system/libsystem_m.dylib
0x000000000c52e000 	/usr/lib/system/libsystem_network.dylib
0x000000000c52e000 	/usr/lib/system/libsystem_notify.dylib
0x000000000c52e000 	/usr/lib/system/libsystem_sandbox.dylib
0x000000000c52e000 	/usr/lib/system/libunc.dylib
0x000000000c52e000 	/usr/lib/system/libunwind.dylib
0x000000000c52e000 	/usr/lib/system/libxpc.dylib
0x000000000c52e000 	/usr/lib/system/libcorecrypto.dylib
0x000000000c52e000 	/usr/lib/libstdc++.6.dylib
0x000000000c52e000 	/usr/lib/libbsm.0.dylib
0x000000000c52e000 	/usr/lib/libsqlite3.dylib
0x000000000c52e000 	/usr/lib/libxar.1.dylib
0x000000000c52e000 	/usr/lib/libpam.2.dylib
0x000000000c52e000 	/usr/lib/libOpenScriptingUtil.dylib
0x000000000c52e000 	/usr/lib/libbz2.1.0.dylib
0x000000000c52e000 	/System/Library/Frameworks/CoreServices.framework/Versions/A/Frameworks/CarbonCore.framework/Versions/A/CarbonCore
0x000000000c52e000 	/System/Library/Frameworks/CoreServices.framework/Versions/A/Frameworks/Metadata.framework/Versions/A/Metadata
0x000000000c52e000 	/System/Library/Frameworks/CoreServices.framework/Versions/A/Frameworks/OSServices.framework/Versions/A/OSServices
0x000000000c52e000 	/System/Library/Frameworks/CoreServices.framework/Versions/A/Frameworks/SearchKit.framework/Versions/A/SearchKit
0x000000000c52e000 	/System/Library/Frameworks/CoreServices.framework/Versions/A/Frameworks/AE.framework/Versions/A/AE
0x000000000c52e000 	/System/Library/Frameworks/CoreServices.framework/Versions/A/Frameworks/LaunchServices.framework/Versions/A/LaunchServices
0x000000000c52e000 	/System/Library/Frameworks/CoreServices.framework/Versions/A/Frameworks/DictionaryServices.framework/Versions/A/DictionaryServices
0x000000000c52e000 	/System/Library/Frameworks/NetFS.framework/Versions/A/NetFS
0x000000000c52e000 	/usr/lib/system/libkxld.dylib
0x000000000c52e000 	/System/Library/PrivateFrameworks/NetAuth.framework/Versions/A/NetAuth
0x000000000c52e000 	/System/Library/Frameworks/OpenDirectory.framework/Versions/A/Frameworks/CFOpenDirectory.framework/Versions/A/CFOpenDirectory
0x000000000c52e000 	/usr/lib/libxslt.1.dylib
0x000000000c52e000 	/System/Library/PrivateFrameworks/FamilyControls.framework/Versions/A/FamilyControls
0x000000000c52e000 	/System/Library/Frameworks/Carbon.framework/Versions/A/Frameworks/Ink.framework/Versions/A/Ink
0x000000000c52e000 	/System/Library/Frameworks/ApplicationServices.framework/Versions/A/Frameworks/CoreGraphics.framework/Versions/A/CoreGraphics
0x000000000c52e000 	/System/Library/Frameworks/ApplicationServices.framework/Versions/A/Frameworks/ATS.framework/Versions/A/ATS
0x000000000c52e000 	/System/Library/Frameworks/ApplicationServices.framework/Versions/A/Frameworks/ColorSync.framework/Versions/A/ColorSync
0x000000000c52e000 	/System/Library/Frameworks/ApplicationServices.framework/Versions/A/Frameworks/HIServices.framework/Versions/A/HIServices
0x000000000c52e000 	/System/Library/Frameworks/ApplicationServices.framework/Versions/A/Frameworks/LangAnalysis.framework/Versions/A/LangAnalysis
0x000000000c52e000 	/System/Library/Frameworks/ApplicationServices.framework/Versions/A/Frameworks/PrintCore.framework/Versions/A/PrintCore
0x000000000c52e000 	/System/Library/Frameworks/ApplicationServices.framework/Versions/A/Frameworks/QD.framework/Versions/A/QD
0x000000000c52e000 	/System/Library/Frameworks/ApplicationServices.framework/Versions/A/Frameworks/SpeechSynthesis.framework/Versions/A/SpeechSynthesis
0x000000000c52e000 	/System/Library/Frameworks/IOSurface.framework/Versions/A/IOSurface
0x000000000c52e000 	/System/Library/Frameworks/Accelerate.framework/Versions/A/Accelerate
0x000000000c52e000 	/System/Library/Frameworks/ApplicationServices.framework/Versions/A/Frameworks/ATS.framework/Versions/A/Resources/libFontParser.dylib
0x000000000c52e000 	/System/Library/Frameworks/ApplicationServices.framework/Versions/A/Frameworks/ATS.framework/Versions/A/Resources/libFontRegistry.dylib
0x000000000c52e000 	/System/Library/Frameworks/Accelerate.framework/Versions/A/Frameworks/vImage.framework/Versions/A/vImage
0x000000000c52e000 	/System/Library/Frameworks/Accelerate.framework/Versions/A/Frameworks/vecLib.framework/Versions/A/vecLib
0x000000000c52e000 	/System/Library/Frameworks/Accelerate.framework/Versions/A/Frameworks/vecLib.framework/Versions/A/libvDSP.dylib
0x000000000c52e000 	/System/Library/Frameworks/Accelerate.framework/Versions/A/Frameworks/vecLib.framework/Versions/A/libvMisc.dylib
0x000000000c52e000 	/System/Library/Frameworks/Accelerate.framework/Versions/A/Frameworks/vecLib.framework/Versions/A/libLAPACK.dylib
0x000000000c52e000 	/System/Library/Frameworks/Accelerate.framework/Versions/A/Frameworks/vecLib.framework/Versions/A/libBLAS.dylib
0x000000000c52e000 	/System/Library/Frameworks/ImageIO.framework/Versions/A/Resources/libJPEG.dylib
0x000000000c52e000 	/System/Library/Frameworks/ImageIO.framework/Versions/A/Resources/libTIFF.dylib
0x000000000c52e000 	/System/Library/Frameworks/ImageIO.framework/Versions/A/Resources/libPng.dylib
0x000000000c52e000 	/System/Library/Frameworks/ImageIO.framework/Versions/A/Resources/libGIF.dylib
0x000000000c52e000 	/System/Library/Frameworks/ImageIO.framework/Versions/A/Resources/libJP2.dylib
0x000000000c52e000 	/System/Library/Frameworks/ImageIO.framework/Versions/A/Resources/libRadiance.dylib
0x000000000c52e000 	/usr/lib/libcups.2.dylib
0x000000000c52e000 	/System/Library/Frameworks/Kerberos.framework/Versions/A/Kerberos
0x000000000c52e000 	/System/Library/Frameworks/GSS.framework/Versions/A/GSS
0x000000000c52e000 	/usr/lib/libresolv.9.dylib
0x000000000c52e000 	/usr/lib/libiconv.2.dylib
0x000000000c52e000 	/System/Library/PrivateFrameworks/Heimdal.framework/Versions/A/Heimdal
0x000000000c52e000 	/System/Library/PrivateFrameworks/TrustEvaluationAgent.framework/Versions/A/TrustEvaluationAgent
0x000000000c52e000 	/System/Library/Frameworks/OpenDirectory.framework/Versions/A/OpenDirectory
0x000000000c52e000 	/System/Library/PrivateFrameworks/CommonAuth.framework/Versions/A/CommonAuth
0x000000000c52e000 	/System/Library/PrivateFrameworks/Bom.framework/Versions/A/Bom
0x000000000c52e000 	/System/Library/Frameworks/CoreVideo.framework/Versions/A/CoreVideo
0x000000000c52e000 	/System/Library/Frameworks/QuartzCore.framework/Versions/A/Frameworks/CoreImage.framework/Versions/A/CoreImage
0x000000000c52e000 	/System/Library/Frameworks/QuartzCore.framework/Versions/A/Frameworks/ScalableUserInterface.framework/Versions/A/ScalableUserInterface
0x000000000c52e000 	/System/Library/Frameworks/OpenGL.framework/Versions/A/Libraries/libGLU.dylib
0x000000000c52e000 	/System/Library/Frameworks/OpenGL.framework/Versions/A/Libraries/libGFXShared.dylib
0x000000000c52e000 	/System/Library/Frameworks/OpenGL.framework/Versions/A/Libraries/libGL.dylib
0x000000000c52e000 	/System/Library/Frameworks/OpenGL.framework/Versions/A/Libraries/libGLImage.dylib
0x000000000c52e000 	/System/Library/Frameworks/OpenGL.framework/Versions/A/Libraries/libCVMSPluginSupport.dylib
0x000000000c52e000 	/System/Library/Frameworks/OpenGL.framework/Versions/A/Libraries/libCoreVMClient.dylib
0x000000000c52e000 	/System/Library/PrivateFrameworks/CrashReporterSupport.framework/Versions/A/CrashReporterSupport
0x000000000c52e000 	/System/Library/Frameworks/OpenCL.framework/Versions/A/OpenCL
0x000000000c52e000 	/System/Library/PrivateFrameworks/FaceCoreLight.framework/Versions/A/FaceCoreLight
0x000000000c52e000 	/System/Library/PrivateFrameworks/AppleFSCompression.framework/Versions/A/AppleFSCompression
0x000000000c52e000 	/System/Library/PrivateFrameworks/Ubiquity.framework/Versions/A/Ubiquity
0x000000000c52e000 	/System/Library/Frameworks/ServiceManagement.framework/Versions/A/ServiceManagement
0x000000000c52e000 	/System/Library/PrivateFrameworks/ChunkingLibrary.framework/Versions/A/ChunkingLibrary
0x000000000c52e000 	/System/Library/Frameworks/vecLib.framework/Versions/A/vecLib
0x000000000c52e000 	/System/Library/Frameworks/SecurityFoundation.framework/Versions/A/SecurityFoundation
0x000000000c52e000 	/System/Library/PrivateFrameworks/CommerceKit.framework/Versions/A/Frameworks/CommerceCore.framework/Versions/A/CommerceCore
0x000000000c52e000 	/System/Library/PrivateFrameworks/CoreSymbolication.framework/Versions/A/CoreSymbolication
0x000000000c52e000 	/System/Library/PrivateFrameworks/Symbolication.framework/Versions/A/Symbolication
0x000000000c52e000 	/System/Library/PrivateFrameworks/DebugSymbols.framework/Versions/A/DebugSymbols
0x000000010ab1b000 	/Library/Java/JavaVirtualMachines/jdk1.7.0_15.jdk/Contents/Home/jre/lib/server/libjvm.dylib
0x000000010b6c5000 	/Library/Java/JavaVirtualMachines/jdk1.7.0_15.jdk/Contents/Home/jre/lib/libverify.dylib
0x000000010b6d2000 	/Library/Java/JavaVirtualMachines/jdk1.7.0_15.jdk/Contents/Home/jre/lib/libjava.dylib
0x000000010b70c000 	/Library/Java/JavaVirtualMachines/jdk1.7.0_15.jdk/Contents/Home/jre/lib/libzip.dylib
0x000000012d722000 	/System/Library/Frameworks/JavaVM.framework/Frameworks/JavaRuntimeSupport.framework/JavaRuntimeSupport
0x000000012d73a000 	/System/Library/Frameworks/JavaVM.framework/Versions/A/Frameworks/JavaNativeFoundation.framework/Versions/A/JavaNativeFoundation
0x000000012d74f000 	/System/Library/Frameworks/JavaVM.framework/Versions/A/JavaVM
0x000000000c52e000 	/System/Library/Frameworks/Carbon.framework/Versions/A/Carbon
0x000000012d75c000 	/System/Library/PrivateFrameworks/JavaLaunching.framework/Versions/A/JavaLaunching
0x000000000c52e000 	/System/Library/Frameworks/Carbon.framework/Versions/A/Frameworks/CommonPanels.framework/Versions/A/CommonPanels
0x000000000c52e000 	/System/Library/Frameworks/Carbon.framework/Versions/A/Frameworks/Help.framework/Versions/A/Help
0x000000000c52e000 	/System/Library/Frameworks/Carbon.framework/Versions/A/Frameworks/ImageCapture.framework/Versions/A/ImageCapture
0x000000000c52e000 	/System/Library/Frameworks/Carbon.framework/Versions/A/Frameworks/OpenScripting.framework/Versions/A/OpenScripting
0x000000000c52e000 	/System/Library/Frameworks/Carbon.framework/Versions/A/Frameworks/Print.framework/Versions/A/Print
0x000000000c52e000 	/System/Library/Frameworks/Carbon.framework/Versions/A/Frameworks/SecurityHI.framework/Versions/A/SecurityHI
0x000000012dfcc000 	/Library/Java/JavaVirtualMachines/jdk1.7.0_15.jdk/Contents/Home/jre/lib/libawt.dylib
0x000000012e07b000 	/Library/Java/JavaVirtualMachines/jdk1.7.0_15.jdk/Contents/Home/jre/lib/./libmlib_image.dylib
0x000000012e147000 	/Library/Java/JavaVirtualMachines/jdk1.7.0_15.jdk/Contents/Home/jre/lib/lwawt/liblwawt.dylib
0x000000012e1f9000 	/Library/Java/JavaVirtualMachines/jdk1.7.0_15.jdk/Contents/Home/jre/lib/libosxapp.dylib
0x000000012e215000 	/System/Library/Frameworks/ExceptionHandling.framework/Versions/A/ExceptionHandling
0x000000000c52e000 	/System/Library/PrivateFrameworks/CoreServicesInternal.framework/Versions/A/CoreServicesInternal
0x000000000c52e000 	/System/Library/PrivateFrameworks/Librarian.framework/Versions/A/Librarian
0x000000000c52e000 	/System/Library/Frameworks/ApplicationServices.framework/Versions/A/Frameworks/CoreGraphics.framework/Versions/A/Resources/libCSync.A.dylib
0x000000000c52e000 	/System/Library/Frameworks/ApplicationServices.framework/Versions/A/Frameworks/CoreGraphics.framework/Versions/A/Resources/libRIP.A.dylib
0x000000000c52e000 	/System/Library/Frameworks/ApplicationServices.framework/Versions/A/Frameworks/CoreGraphics.framework/Versions/A/Resources/libCGXType.A.dylib
0x0000000131ec3000 	/System/Library/Frameworks/OpenGL.framework/Resources/GLEngine.bundle/GLEngine
0x00000001320b8000 	/System/Library/Frameworks/OpenGL.framework/Versions/A/Libraries/libGLProgrammability.dylib
0x000000012f8ec000 	/System/Library/Frameworks/OpenGL.framework/Resources//GLRendererFloat.bundle/GLRendererFloat
0x000000012f8ac000 	/System/Library/Frameworks/OpenCL.framework/Versions/A/Libraries/libcldcpuengine.dylib
0x000000000c52e000 	/System/Library/PrivateFrameworks/DiskImages.framework/Versions/A/DiskImages
0x000000000c52e000 	/System/Library/Frameworks/DiscRecording.framework/Versions/A/DiscRecording
0x000000000c52e000 	/usr/lib/libcurl.4.dylib
0x000000000c52e000 	/System/Library/PrivateFrameworks/MediaKit.framework/Versions/A/MediaKit
0x000000000c52e000 	/usr/lib/libssl.0.9.8.dylib
0x000000000c52e000 	/usr/lib/libcrypto.0.9.8.dylib
0x000000000c52e000 	/System/Library/Frameworks/LDAP.framework/Versions/A/LDAP
0x000000000c52e000 	/usr/lib/libsasl2.2.dylib

VM Arguments:
jvm_args: -Dfile.encoding=US-ASCII 
java_command: com.mitp0sh.jaclaff.test.SimpleGUI
Launcher Type: SUN_STANDARD

Environment Variables:
PATH=/usr/bin:/bin:/usr/sbin:/sbin
SHELL=/bin/bash

Signal Handlers:
SIGSEGV: [libjvm.dylib+0x4a361d], sa_mask[0]=0xfffefeff, sa_flags=0x00000042
SIGBUS: [libjvm.dylib+0x4a361d], sa_mask[0]=0xfffefeff, sa_flags=0x00000042
SIGFPE: [libjvm.dylib+0x3b302d], sa_mask[0]=0xfffefeff, sa_flags=0x00000042
SIGPIPE: [libjvm.dylib+0x3b302d], sa_mask[0]=0xfffefeff, sa_flags=0x00000042
SIGXFSZ: [libjvm.dylib+0x3b302d], sa_mask[0]=0xfffefeff, sa_flags=0x00000042
SIGILL: [libjvm.dylib+0x3b302d], sa_mask[0]=0xfffefeff, sa_flags=0x00000042
SIGUSR1: SIG_DFL, sa_mask[0]=0x00000000, sa_flags=0x00000002
SIGUSR2: [libjvm.dylib+0x3b2bc6], sa_mask[0]=0x00000004, sa_flags=0x00000042
SIGHUP: [libjvm.dylib+0x3b0e27], sa_mask[0]=0xfffefeff, sa_flags=0x00000042
SIGINT: [libjvm.dylib+0x3b0e27], sa_mask[0]=0xfffefeff, sa_flags=0x00000042
SIGTERM: [libjvm.dylib+0x3b0e27], sa_mask[0]=0xfffefeff, sa_flags=0x00000042
SIGQUIT: [libjvm.dylib+0x3b0e27], sa_mask[0]=0xfffefeff, sa_flags=0x00000042


---------------  S Y S T E M  ---------------

OS:Bsduname:Darwin 12.5.0 Darwin Kernel Version 12.5.0: Sun Sep 29 13:33:47 PDT 2013; root:xnu-2050.48.12~1/RELEASE_X86_64 x86_64
rlimit: STACK 8192k, CORE 0k, NPROC 709, NOFILE 10240, AS infinity
load average:0.51 1.63 1.59

CPU:total 2 (1 cores per cpu, 1 threads per core) family 6 model 42 stepping 7, cmov, cx8, fxsr, mmx, sse, sse2, sse3, ssse3, sse4.1, sse4.2, popcnt, avx, tsc, tscinvbit

Memory: 4k page, physical 1659736k(414934k free)

/proc/meminfo:


vm_info: Java HotSpot(TM) 64-Bit Server VM (23.7-b01) for bsd-amd64 JRE (1.7.0_15-b03), built on Feb 15 2013 14:26:35 by "java_re" with gcc 4.2.1 (Based on Apple Inc. build 5658) (LLVM build 2336.11.00)

time: Sun Dec 29 03:28:56 2013
elapsed time: 0 seconds

