#
# A fatal error has been detected by the Java Runtime Environment:
#
#  SIGSEGV (0xb) at pc=0x00007fff91ffd8b5, pid=1773, tid=27663
#
# JRE version: 7.0_15-b03
# Java VM: Java HotSpot(TM) 64-Bit Server VM (23.7-b01 mixed mode bsd-amd64 compressed oops)
# Problematic frame:
# C  [libGL.dylib+0x18b5]  glGetString+0xf
#
# Failed to write core dump. Core dumps have been disabled. To enable core dumping, try "ulimit -c unlimited" before starting Java again
#
# If you would like to submit a bug report, please visit:
#   http://bugreport.sun.com/bugreport/crash.jsp
# The crash happened outside the Java Virtual Machine in native code.
# See problematic frame for where to report the bug.
#

---------------  T H R E A D  ---------------

Current thread (0x00007fe0c1898000):  JavaThread "Java2D Queue Flusher" daemon [_thread_in_native, id=27663, stack(0x0000000170ed4000,0x0000000170fd4000)]

siginfo:si_signo=SIGSEGV: si_errno=0, si_code=1 (SEGV_MAPERR), si_addr=0x00000000000003b0

Registers:
RAX=0x0000000000001f00, RBX=0x000000016d25b8f0, RCX=0x0000000000000000, RDX=0x0000000000000000
RSP=0x0000000170fd3910, RBP=0x0000000170fd3910, RSI=0x0000000170fd39b8, RDI=0x0000000000001f00
R8 =0x8000000000000000, R9 =0x000000000000000d, R10=0x0000000105f75f64, R11=0x00000001056ebe1b
R12=0x0000000000000000, R13=0x000000010945ecb8, R14=0x0000000170fd39c0, R15=0x00007fe0c1898000
RIP=0x00007fff91ffd8b5, EFLAGS=0x0000000000010202, ERR=0x0000000000000004
  TRAPNO=0x000000000000000e

Top of Stack: (sp=0x0000000170fd3910)
0x0000000170fd3910:   0000000170fd3950 000000016d1dbd7b
0x0000000170fd3920:   00007fe0c18981d8 000000010945ecb8
0x0000000170fd3930:   0000000000000000 000000010945ecb8
0x0000000170fd3940:   0000000170fd39c0 00007fe0c1898000
0x0000000170fd3950:   0000000170fd39a8 0000000105f75f90
0x0000000170fd3960:   0000000105f811a3 0000000170fd3968
0x0000000170fd3970:   000000010945ecb8 0000000170fd39c0
0x0000000170fd3980:   0000000109461ba0 0000000000000000
0x0000000170fd3990:   000000010945ecb8 0000000000000000
0x0000000170fd39a0:   0000000170fd39c8 0000000170fd3a18
0x0000000170fd39b0:   0000000105f6a333 0000000149c65830
0x0000000170fd39c0:   0000000105f72ddb 0000000000000000
0x0000000170fd39d0:   0000000149c64af0 0000000170fd39d8
0x0000000170fd39e0:   000000010946214d 0000000170fd3a28
0x0000000170fd39f0:   0000000109462468 0000000000000000
0x0000000170fd3a00:   0000000109462158 0000000170fd39c8
0x0000000170fd3a10:   0000000170fd3a28 0000000170fd3a80
0x0000000170fd3a20:   0000000105f6a806 0000000149c659b0
0x0000000170fd3a30:   0000000000000001 0000000149c64e70
0x0000000170fd3a40:   0000000170fd3a30 0000000109449587
0x0000000170fd3a50:   0000000170fd3aa8 0000000109449a40
0x0000000170fd3a60:   0000000000000000 0000000109449650
0x0000000170fd3a70:   0000000170fd3a28 0000000170fd3aa8
0x0000000170fd3a80:   0000000170fd3b10 0000000105f644f7
0x0000000170fd3a90:   0000000000000000 0000000000000000
0x0000000170fd3aa0:   0000000000000000 0000000149c64e70
0x0000000170fd3ab0:   0000000100001fa0 0000000000000001
0x0000000170fd3ac0:   00007fe0c1898000 0000000105f6446f
0x0000000170fd3ad0:   000000000000000a 00007fe0c1482a90
0x0000000170fd3ae0:   0000000170fd3b80 0000000170fd3d50
0x0000000170fd3af0:   000000000000000a 0000000109449650
0x0000000170fd3b00:   0000000105f74700 0000000170fd3cc0 

Instructions: (pc=0x00007fff91ffd8b5)
0x00007fff91ffd895:   00 48 8b 8a a8 03 00 00 48 8b 3a 48 89 c6 5d ff
0x00007fff91ffd8a5:   e1 55 48 89 e5 89 f8 65 48 8b 14 25 f0 00 00 00
0x00007fff91ffd8b5:   48 8b 8a b0 03 00 00 48 8b 3a 89 c6 5d ff e1 55
0x00007fff91ffd8c5:   48 89 e5 49 89 d0 89 f1 89 fa 65 48 8b 34 25 f0 

Register to memory mapping:

RAX=0x0000000000001f00 is an unknown value
RBX=0x000000016d25b8f0: j2d_glGetString+0 in /Library/Java/JavaVirtualMachines/jdk1.7.0_15.jdk/Contents/Home/jre/lib/lwawt/liblwawt.dylib at 0x000000016d1d8000
RCX=0x0000000000000000 is an unknown value
RDX=0x0000000000000000 is an unknown value
RSP=0x0000000170fd3910 is pointing into the stack for thread: 0x00007fe0c1898000
RBP=0x0000000170fd3910 is pointing into the stack for thread: 0x00007fe0c1898000
RSI=0x0000000170fd39b8 is pointing into the stack for thread: 0x00007fe0c1898000
RDI=0x0000000000001f00 is an unknown value
R8 =0x8000000000000000 is an unknown value
R9 =0x000000000000000d is an unknown value
R10=0x0000000105f75f64 is an Interpreter codelet
method entry point (kind = native)  [0x0000000105f75d00, 0x0000000105f76540]  2112 bytes
R11=0x00000001056ebe1b: throw_unsatisfied_link_error+0 in /Library/Java/JavaVirtualMachines/jdk1.7.0_15.jdk/Contents/Home/jre/lib/server/libjvm.dylib at 0x00000001052e7000
R12=0x0000000000000000 is an unknown value
R13=0x000000010945ecb8 is an oop
{method} 
 - klass: {other class}
R14=0x0000000170fd39c0 is pointing into the stack for thread: 0x00007fe0c1898000
R15=0x00007fe0c1898000 is a thread


Stack: [0x0000000170ed4000,0x0000000170fd4000],  sp=0x0000000170fd3910,  free space=1022k
Native frames: (J=compiled Java code, j=interpreted, Vv=VM code, C=native code)
C  [libGL.dylib+0x18b5]  glGetString+0xf
C  [liblwawt.dylib+0x3d7b]  Java_sun_java2d_opengl_OGLContext_getOGLIdString+0x23
j  sun.java2d.opengl.OGLContext.getOGLIdString()Ljava/lang/String;+0
j  sun.java2d.opengl.CGLGraphicsConfig$1.run()V+5
j  sun.java2d.opengl.OGLRenderQueue$QueueFlusher.run()V+95
v  ~StubRoutines::call_stub
V  [libjvm.dylib+0x28852f]
V  [libjvm.dylib+0x288a0c]
V  [libjvm.dylib+0x288b46]
V  [libjvm.dylib+0x2bf4c0]
V  [libjvm.dylib+0x478294]
V  [libjvm.dylib+0x47977a]
V  [libjvm.dylib+0x3b5191]
C  [libsystem_c.dylib+0x14772]  _pthread_start+0x147
C  [libsystem_c.dylib+0x11a1]  thread_start+0xd

Java frames: (J=compiled Java code, j=interpreted, Vv=VM code)
j  sun.java2d.opengl.OGLContext.getOGLIdString()Ljava/lang/String;+0
j  sun.java2d.opengl.CGLGraphicsConfig$1.run()V+5
j  sun.java2d.opengl.OGLRenderQueue$QueueFlusher.run()V+95
v  ~StubRoutines::call_stub

---------------  P R O C E S S  ---------------

Java Threads: ( => current thread )
=>0x00007fe0c1898000 JavaThread "Java2D Queue Flusher" daemon [_thread_in_native, id=27663, stack(0x0000000170ed4000,0x0000000170fd4000)]
  0x00007fe0c1871000 JavaThread "AWT-Shutdown" [_thread_blocked, id=20999, stack(0x000000016d2ae000,0x000000016d3ae000)]
  0x00007fe0c1870800 JavaThread "AWT-AppKit" daemon [_thread_in_native, id=1799, stack(0x00007fff5a243000,0x00007fff5aa43000)]
  0x00007fe0c286f800 JavaThread "Service Thread" daemon [_thread_blocked, id=20483, stack(0x000000016ce15000,0x000000016cf15000)]
  0x00007fe0c286f000 JavaThread "C2 CompilerThread1" daemon [_thread_blocked, id=20227, stack(0x000000016cd12000,0x000000016ce12000)]
  0x00007fe0c284d000 JavaThread "C2 CompilerThread0" daemon [_thread_blocked, id=19971, stack(0x000000016cc0f000,0x000000016cd0f000)]
  0x00007fe0c284f000 JavaThread "Signal Dispatcher" daemon [_thread_blocked, id=19475, stack(0x000000016cb0c000,0x000000016cc0c000)]
  0x00007fe0c283d800 JavaThread "Finalizer" daemon [_thread_blocked, id=15107, stack(0x000000016c83a000,0x000000016c93a000)]
  0x00007fe0c2837800 JavaThread "Reference Handler" daemon [_thread_blocked, id=14851, stack(0x000000016c737000,0x000000016c837000)]
  0x00007fe0c2800800 JavaThread "main" [_thread_blocked, id=5891, stack(0x0000000105d8f000,0x0000000105e8f000)]

Other Threads:
  0x00007fe0c2835000 VMThread [stack: 0x000000016c634000,0x000000016c734000] [id=14595]
  0x00007fe0c2851000 WatcherThread [stack: 0x000000016cf18000,0x000000016d018000] [id=20739]

VM state:not at safepoint (normal execution)

VM Mutex/Monitor currently owned by a thread: None

Heap
 PSYoungGen      total 26688K, used 1841K [0x0000000149ba0000, 0x000000014b960000, 0x0000000167840000)
  eden space 22912K, 8% used [0x0000000149ba0000,0x0000000149d6c4c0,0x000000014b200000)
  from space 3776K, 0% used [0x000000014b5b0000,0x000000014b5b0000,0x000000014b960000)
  to   space 3776K, 0% used [0x000000014b200000,0x000000014b200000,0x000000014b5b0000)
 ParOldGen       total 60992K, used 0K [0x000000010e240000, 0x0000000111dd0000, 0x0000000149ba0000)
  object space 60992K, 0% used [0x000000010e240000,0x000000010e240000,0x0000000111dd0000)
 PSPermGen       total 21248K, used 4233K [0x0000000109040000, 0x000000010a500000, 0x000000010e240000)
  object space 21248K, 19% used [0x0000000109040000,0x00000001094624e8,0x000000010a500000)

Card table byte_map: [0x0000000167840000,0x0000000167b35000] byte_map_base: 0x0000000166ff7e00

Polling page: 0x0000000105ece000

Code Cache  [0x0000000105f64000, 0x00000001061d4000, 0x0000000108f64000)
 total_blobs=212 nmethods=1 adapters=164 free_code_cache=48754Kb largest_free_block=49923712

Compilation events (2 events):
Event: 0.142 Thread 0x00007fe0c284d000    1             java.lang.String::hashCode (55 bytes)
Event: 0.149 Thread 0x00007fe0c284d000 nmethod 1 0x0000000105fc4350 code [0x0000000105fc44a0, 0x0000000105fc4638]

GC Heap History (0 events):
No events

Deoptimization events (0 events):
No events

Internal exceptions (10 events):
Event: 0.171 Thread 0x00007fe0c2800800 Threw 0x0000000149c306c8 at /HUDSON/workspace/jdk7u15-2-build-macosx-amd64-product/jdk7u15/hotspot/src/share/vm/prims/jvm.cpp:1166
Event: 0.180 Thread 0x00007fe0c2800800 Threw 0x0000000149c31160 at /HUDSON/workspace/jdk7u15-2-build-macosx-amd64-product/jdk7u15/hotspot/src/share/vm/prims/jni.cpp:716
Event: 0.180 Thread 0x00007fe0c2800800 Threw 0x0000000149c31280 at /HUDSON/workspace/jdk7u15-2-build-macosx-amd64-product/jdk7u15/hotspot/src/share/vm/prims/jvm.cpp:1166
Event: 0.180 Thread 0x00007fe0c2800800 Threw 0x0000000149c313a8 at /HUDSON/workspace/jdk7u15-2-build-macosx-amd64-product/jdk7u15/hotspot/src/share/vm/prims/jvm.cpp:1166
Event: 0.187 Thread 0x00007fe0c2800800 Threw 0x0000000149c43778 at /HUDSON/workspace/jdk7u15-2-build-macosx-amd64-product/jdk7u15/hotspot/src/share/vm/prims/jni.cpp:716
Event: 0.187 Thread 0x00007fe0c2800800 Threw 0x0000000149c43898 at /HUDSON/workspace/jdk7u15-2-build-macosx-amd64-product/jdk7u15/hotspot/src/share/vm/prims/jvm.cpp:1166
Event: 0.187 Thread 0x00007fe0c2800800 Threw 0x0000000149c439c0 at /HUDSON/workspace/jdk7u15-2-build-macosx-amd64-product/jdk7u15/hotspot/src/share/vm/prims/jvm.cpp:1166
Event: 0.187 Thread 0x00007fe0c2800800 Threw 0x0000000149c43c10 at /HUDSON/workspace/jdk7u15-2-build-macosx-amd64-product/jdk7u15/hotspot/src/share/vm/prims/jvm.cpp:1166
Event: 0.581 Thread 0x00007fe0c2800800 Threw 0x0000000149c50e68 at /HUDSON/workspace/jdk7u15-2-build-macosx-amd64-product/jdk7u15/hotspot/src/share/vm/prims/jni.cpp:716
Event: 0.581 Thread 0x00007fe0c2800800 Threw 0x0000000149c517a8 at /HUDSON/workspace/jdk7u15-2-build-macosx-amd64-product/jdk7u15/hotspot/src/share/vm/prims/jni.cpp:716

Events (10 events):
Event: 0.655 loading class 0x00007fe0c20c80f0 done
Event: 0.655 loading class 0x00007fe0c1433d00 done
Event: 0.655 loading class 0x00007fe0c20c8040
Event: 0.656 loading class 0x00007fe0c20c8040 done
Event: 0.656 loading class 0x00007fe0c14808f0
Event: 0.657 loading class 0x00007fe0c20c8e40
Event: 0.658 loading class 0x00007fe0c20c8e40 done
Event: 0.658 loading class 0x00007fe0c14808f0 done
Event: 0.679 loading class 0x00007fe0c1480970
Event: 0.680 loading class 0x00007fe0c1480970 done


Dynamic libraries:
0x000000000c52e000 	/System/Library/Frameworks/Cocoa.framework/Versions/A/Cocoa
0x000000000c52e000 	/System/Library/Frameworks/Security.framework/Versions/A/Security
0x000000000c52e000 	/System/Library/Frameworks/ApplicationServices.framework/Versions/A/ApplicationServices
0x000000000c52e000 	/usr/lib/libz.1.dylib
0x000000000c52e000 	/usr/lib/libSystem.B.dylib
0x000000000c52e000 	/usr/lib/libobjc.A.dylib
0x000000000c52e000 	/System/Library/Frameworks/CoreFoundation.framework/Versions/A/CoreFoundation
0x000000000c52e000 	/System/Library/Frameworks/AppKit.framework/Versions/C/AppKit
0x000000000c52e000 	/System/Library/Frameworks/CoreData.framework/Versions/A/CoreData
0x000000000c52e000 	/System/Library/Frameworks/Foundation.framework/Versions/C/Foundation
0x000000000c52e000 	/System/Library/PrivateFrameworks/RemoteViewServices.framework/Versions/A/RemoteViewServices
0x000000000c52e000 	/System/Library/Frameworks/AudioToolbox.framework/Versions/A/AudioToolbox
0x000000000c52e000 	/System/Library/Frameworks/AudioUnit.framework/Versions/A/AudioUnit
0x000000000c52e000 	/System/Library/PrivateFrameworks/DataDetectorsCore.framework/Versions/A/DataDetectorsCore
0x000000000c52e000 	/System/Library/PrivateFrameworks/DesktopServicesPriv.framework/Versions/A/DesktopServicesPriv
0x000000000c52e000 	/System/Library/Frameworks/Carbon.framework/Versions/A/Frameworks/HIToolbox.framework/Versions/A/HIToolbox
0x000000000c52e000 	/System/Library/Frameworks/QuartzCore.framework/Versions/A/QuartzCore
0x000000000c52e000 	/System/Library/Frameworks/Carbon.framework/Versions/A/Frameworks/SpeechRecognition.framework/Versions/A/SpeechRecognition
0x000000000c52e000 	/usr/lib/libauto.dylib
0x000000000c52e000 	/usr/lib/libicucore.A.dylib
0x000000000c52e000 	/usr/lib/libxml2.2.dylib
0x000000000c52e000 	/System/Library/PrivateFrameworks/CoreUI.framework/Versions/A/CoreUI
0x000000000c52e000 	/System/Library/Frameworks/CoreAudio.framework/Versions/A/CoreAudio
0x000000000c52e000 	/System/Library/Frameworks/DiskArbitration.framework/Versions/A/DiskArbitration
0x000000000c52e000 	/usr/lib/liblangid.dylib
0x000000000c52e000 	/System/Library/PrivateFrameworks/MultitouchSupport.framework/Versions/A/MultitouchSupport
0x000000000c52e000 	/System/Library/Frameworks/IOKit.framework/Versions/A/IOKit
0x000000000c52e000 	/usr/lib/libDiagnosticMessagesClient.dylib
0x000000000c52e000 	/System/Library/Frameworks/CoreServices.framework/Versions/A/CoreServices
0x000000000c52e000 	/System/Library/PrivateFrameworks/PerformanceAnalysis.framework/Versions/A/PerformanceAnalysis
0x000000000c52e000 	/System/Library/PrivateFrameworks/GenerationalStorage.framework/Versions/A/GenerationalStorage
0x000000000c52e000 	/System/Library/Frameworks/OpenGL.framework/Versions/A/OpenGL
0x000000000c52e000 	/System/Library/Frameworks/CoreText.framework/Versions/A/CoreText
0x000000000c52e000 	/System/Library/Frameworks/ImageIO.framework/Versions/A/ImageIO
0x000000000c52e000 	/System/Library/PrivateFrameworks/Backup.framework/Versions/A/Backup
0x000000000c52e000 	/System/Library/Frameworks/CFNetwork.framework/Versions/A/CFNetwork
0x000000000c52e000 	/System/Library/Frameworks/SystemConfiguration.framework/Versions/A/SystemConfiguration
0x000000000c52e000 	/usr/lib/libCRFSuite.dylib
0x000000000c52e000 	/System/Library/PrivateFrameworks/TCC.framework/Versions/A/TCC
0x000000000c52e000 	/usr/lib/libc++.1.dylib
0x000000000c52e000 	/usr/lib/libc++abi.dylib
0x000000000c52e000 	/usr/lib/system/libcache.dylib
0x000000000c52e000 	/usr/lib/system/libcommonCrypto.dylib
0x000000000c52e000 	/usr/lib/system/libcompiler_rt.dylib
0x000000000c52e000 	/usr/lib/system/libcopyfile.dylib
0x000000000c52e000 	/usr/lib/system/libdispatch.dylib
0x000000000c52e000 	/usr/lib/system/libdnsinfo.dylib
0x000000000c52e000 	/usr/lib/system/libdyld.dylib
0x000000000c52e000 	/usr/lib/system/libkeymgr.dylib
0x000000000c52e000 	/usr/lib/system/liblaunch.dylib
0x000000000c52e000 	/usr/lib/system/libmacho.dylib
0x000000000c52e000 	/usr/lib/system/libquarantine.dylib
0x000000000c52e000 	/usr/lib/system/libremovefile.dylib
0x000000000c52e000 	/usr/lib/system/libsystem_blocks.dylib
0x000000000c52e000 	/usr/lib/system/libsystem_c.dylib
0x000000000c52e000 	/usr/lib/system/libsystem_dnssd.dylib
0x000000000c52e000 	/usr/lib/system/libsystem_info.dylib
0x000000000c52e000 	/usr/lib/system/libsystem_kernel.dylib
0x000000000c52e000 	/usr/lib/system/libsystem_m.dylib
0x000000000c52e000 	/usr/lib/system/libsystem_network.dylib
0x000000000c52e000 	/usr/lib/system/libsystem_notify.dylib
0x000000000c52e000 	/usr/lib/system/libsystem_sandbox.dylib
0x000000000c52e000 	/usr/lib/system/libunc.dylib
0x000000000c52e000 	/usr/lib/system/libunwind.dylib
0x000000000c52e000 	/usr/lib/system/libxpc.dylib
0x000000000c52e000 	/usr/lib/system/libcorecrypto.dylib
0x000000000c52e000 	/usr/lib/libstdc++.6.dylib
0x000000000c52e000 	/usr/lib/libbsm.0.dylib
0x000000000c52e000 	/usr/lib/libsqlite3.dylib
0x000000000c52e000 	/usr/lib/libxar.1.dylib
0x000000000c52e000 	/usr/lib/libpam.2.dylib
0x000000000c52e000 	/usr/lib/libOpenScriptingUtil.dylib
0x000000000c52e000 	/usr/lib/libbz2.1.0.dylib
0x000000000c52e000 	/System/Library/Frameworks/CoreServices.framework/Versions/A/Frameworks/CarbonCore.framework/Versions/A/CarbonCore
0x000000000c52e000 	/System/Library/Frameworks/CoreServices.framework/Versions/A/Frameworks/Metadata.framework/Versions/A/Metadata
0x000000000c52e000 	/System/Library/Frameworks/CoreServices.framework/Versions/A/Frameworks/OSServices.framework/Versions/A/OSServices
0x000000000c52e000 	/System/Library/Frameworks/CoreServices.framework/Versions/A/Frameworks/SearchKit.framework/Versions/A/SearchKit
0x000000000c52e000 	/System/Library/Frameworks/CoreServices.framework/Versions/A/Frameworks/AE.framework/Versions/A/AE
0x000000000c52e000 	/System/Library/Frameworks/CoreServices.framework/Versions/A/Frameworks/LaunchServices.framework/Versions/A/LaunchServices
0x000000000c52e000 	/System/Library/Frameworks/CoreServices.framework/Versions/A/Frameworks/DictionaryServices.framework/Versions/A/DictionaryServices
0x000000000c52e000 	/System/Library/Frameworks/NetFS.framework/Versions/A/NetFS
0x000000000c52e000 	/usr/lib/system/libkxld.dylib
0x000000000c52e000 	/System/Library/PrivateFrameworks/NetAuth.framework/Versions/A/NetAuth
0x000000000c52e000 	/System/Library/Frameworks/OpenDirectory.framework/Versions/A/Frameworks/CFOpenDirectory.framework/Versions/A/CFOpenDirectory
0x000000000c52e000 	/usr/lib/libxslt.1.dylib
0x000000000c52e000 	/System/Library/PrivateFrameworks/FamilyControls.framework/Versions/A/FamilyControls
0x000000000c52e000 	/System/Library/Frameworks/Carbon.framework/Versions/A/Frameworks/Ink.framework/Versions/A/Ink
0x000000000c52e000 	/System/Library/Frameworks/ApplicationServices.framework/Versions/A/Frameworks/CoreGraphics.framework/Versions/A/CoreGraphics
0x000000000c52e000 	/System/Library/Frameworks/ApplicationServices.framework/Versions/A/Frameworks/ATS.framework/Versions/A/ATS
0x000000000c52e000 	/System/Library/Frameworks/ApplicationServices.framework/Versions/A/Frameworks/ColorSync.framework/Versions/A/ColorSync
0x000000000c52e000 	/System/Library/Frameworks/ApplicationServices.framework/Versions/A/Frameworks/HIServices.framework/Versions/A/HIServices
0x000000000c52e000 	/System/Library/Frameworks/ApplicationServices.framework/Versions/A/Frameworks/LangAnalysis.framework/Versions/A/LangAnalysis
0x000000000c52e000 	/System/Library/Frameworks/ApplicationServices.framework/Versions/A/Frameworks/PrintCore.framework/Versions/A/PrintCore
0x000000000c52e000 	/System/Library/Frameworks/ApplicationServices.framework/Versions/A/Frameworks/QD.framework/Versions/A/QD
0x000000000c52e000 	/System/Library/Frameworks/ApplicationServices.framework/Versions/A/Frameworks/SpeechSynthesis.framework/Versions/A/SpeechSynthesis
0x000000000c52e000 	/System/Library/Frameworks/IOSurface.framework/Versions/A/IOSurface
0x000000000c52e000 	/System/Library/Frameworks/Accelerate.framework/Versions/A/Accelerate
0x000000000c52e000 	/System/Library/Frameworks/ApplicationServices.framework/Versions/A/Frameworks/ATS.framework/Versions/A/Resources/libFontParser.dylib
0x000000000c52e000 	/System/Library/Frameworks/ApplicationServices.framework/Versions/A/Frameworks/ATS.framework/Versions/A/Resources/libFontRegistry.dylib
0x000000000c52e000 	/System/Library/Frameworks/Accelerate.framework/Versions/A/Frameworks/vImage.framework/Versions/A/vImage
0x000000000c52e000 	/System/Library/Frameworks/Accelerate.framework/Versions/A/Frameworks/vecLib.framework/Versions/A/vecLib
0x000000000c52e000 	/System/Library/Frameworks/Accelerate.framework/Versions/A/Frameworks/vecLib.framework/Versions/A/libvDSP.dylib
0x000000000c52e000 	/System/Library/Frameworks/Accelerate.framework/Versions/A/Frameworks/vecLib.framework/Versions/A/libvMisc.dylib
0x000000000c52e000 	/System/Library/Frameworks/Accelerate.framework/Versions/A/Frameworks/vecLib.framework/Versions/A/libLAPACK.dylib
0x000000000c52e000 	/System/Library/Frameworks/Accelerate.framework/Versions/A/Frameworks/vecLib.framework/Versions/A/libBLAS.dylib
0x000000000c52e000 	/System/Library/Frameworks/ImageIO.framework/Versions/A/Resources/libJPEG.dylib
0x000000000c52e000 	/System/Library/Frameworks/ImageIO.framework/Versions/A/Resources/libTIFF.dylib
0x000000000c52e000 	/System/Library/Frameworks/ImageIO.framework/Versions/A/Resources/libPng.dylib
0x000000000c52e000 	/System/Library/Frameworks/ImageIO.framework/Versions/A/Resources/libGIF.dylib
0x000000000c52e000 	/System/Library/Frameworks/ImageIO.framework/Versions/A/Resources/libJP2.dylib
0x000000000c52e000 	/System/Library/Frameworks/ImageIO.framework/Versions/A/Resources/libRadiance.dylib
0x000000000c52e000 	/usr/lib/libcups.2.dylib
0x000000000c52e000 	/System/Library/Frameworks/Kerberos.framework/Versions/A/Kerberos
0x000000000c52e000 	/System/Library/Frameworks/GSS.framework/Versions/A/GSS
0x000000000c52e000 	/usr/lib/libresolv.9.dylib
0x000000000c52e000 	/usr/lib/libiconv.2.dylib
0x000000000c52e000 	/System/Library/PrivateFrameworks/Heimdal.framework/Versions/A/Heimdal
0x000000000c52e000 	/System/Library/PrivateFrameworks/TrustEvaluationAgent.framework/Versions/A/TrustEvaluationAgent
0x000000000c52e000 	/System/Library/Frameworks/OpenDirectory.framework/Versions/A/OpenDirectory
0x000000000c52e000 	/System/Library/PrivateFrameworks/CommonAuth.framework/Versions/A/CommonAuth
0x000000000c52e000 	/System/Library/PrivateFrameworks/Bom.framework/Versions/A/Bom
0x000000000c52e000 	/System/Library/Frameworks/CoreVideo.framework/Versions/A/CoreVideo
0x000000000c52e000 	/System/Library/Frameworks/QuartzCore.framework/Versions/A/Frameworks/CoreImage.framework/Versions/A/CoreImage
0x000000000c52e000 	/System/Library/Frameworks/QuartzCore.framework/Versions/A/Frameworks/ScalableUserInterface.framework/Versions/A/ScalableUserInterface
0x000000000c52e000 	/System/Library/Frameworks/OpenGL.framework/Versions/A/Libraries/libGLU.dylib
0x000000000c52e000 	/System/Library/Frameworks/OpenGL.framework/Versions/A/Libraries/libGFXShared.dylib
0x000000000c52e000 	/System/Library/Frameworks/OpenGL.framework/Versions/A/Libraries/libGL.dylib
0x000000000c52e000 	/System/Library/Frameworks/OpenGL.framework/Versions/A/Libraries/libGLImage.dylib
0x000000000c52e000 	/System/Library/Frameworks/OpenGL.framework/Versions/A/Libraries/libCVMSPluginSupport.dylib
0x000000000c52e000 	/System/Library/Frameworks/OpenGL.framework/Versions/A/Libraries/libCoreVMClient.dylib
0x000000000c52e000 	/System/Library/PrivateFrameworks/CrashReporterSupport.framework/Versions/A/CrashReporterSupport
0x000000000c52e000 	/System/Library/Frameworks/OpenCL.framework/Versions/A/OpenCL
0x000000000c52e000 	/System/Library/PrivateFrameworks/FaceCoreLight.framework/Versions/A/FaceCoreLight
0x000000000c52e000 	/System/Library/PrivateFrameworks/AppleFSCompression.framework/Versions/A/AppleFSCompression
0x000000000c52e000 	/System/Library/PrivateFrameworks/Ubiquity.framework/Versions/A/Ubiquity
0x000000000c52e000 	/System/Library/Frameworks/ServiceManagement.framework/Versions/A/ServiceManagement
0x000000000c52e000 	/System/Library/PrivateFrameworks/ChunkingLibrary.framework/Versions/A/ChunkingLibrary
0x000000000c52e000 	/System/Library/Frameworks/vecLib.framework/Versions/A/vecLib
0x000000000c52e000 	/System/Library/Frameworks/SecurityFoundation.framework/Versions/A/SecurityFoundation
0x000000000c52e000 	/System/Library/PrivateFrameworks/CommerceKit.framework/Versions/A/Frameworks/CommerceCore.framework/Versions/A/CommerceCore
0x000000000c52e000 	/System/Library/PrivateFrameworks/CoreSymbolication.framework/Versions/A/CoreSymbolication
0x000000000c52e000 	/System/Library/PrivateFrameworks/Symbolication.framework/Versions/A/Symbolication
0x000000000c52e000 	/System/Library/PrivateFrameworks/DebugSymbols.framework/Versions/A/DebugSymbols
0x00000001052e7000 	/Library/Java/JavaVirtualMachines/jdk1.7.0_15.jdk/Contents/Home/jre/lib/server/libjvm.dylib
0x0000000105e91000 	/Library/Java/JavaVirtualMachines/jdk1.7.0_15.jdk/Contents/Home/jre/lib/libverify.dylib
0x0000000105e9e000 	/Library/Java/JavaVirtualMachines/jdk1.7.0_15.jdk/Contents/Home/jre/lib/libjava.dylib
0x0000000105f5b000 	/Library/Java/JavaVirtualMachines/jdk1.7.0_15.jdk/Contents/Home/jre/lib/libzip.dylib
0x000000016c93c000 	/System/Library/Frameworks/JavaVM.framework/Frameworks/JavaRuntimeSupport.framework/JavaRuntimeSupport
0x000000016c954000 	/System/Library/Frameworks/JavaVM.framework/Versions/A/Frameworks/JavaNativeFoundation.framework/Versions/A/JavaNativeFoundation
0x000000016c969000 	/System/Library/Frameworks/JavaVM.framework/Versions/A/JavaVM
0x000000000c52e000 	/System/Library/Frameworks/Carbon.framework/Versions/A/Carbon
0x000000016c976000 	/System/Library/PrivateFrameworks/JavaLaunching.framework/Versions/A/JavaLaunching
0x000000000c52e000 	/System/Library/Frameworks/Carbon.framework/Versions/A/Frameworks/CommonPanels.framework/Versions/A/CommonPanels
0x000000000c52e000 	/System/Library/Frameworks/Carbon.framework/Versions/A/Frameworks/Help.framework/Versions/A/Help
0x000000000c52e000 	/System/Library/Frameworks/Carbon.framework/Versions/A/Frameworks/ImageCapture.framework/Versions/A/ImageCapture
0x000000000c52e000 	/System/Library/Frameworks/Carbon.framework/Versions/A/Frameworks/OpenScripting.framework/Versions/A/OpenScripting
0x000000000c52e000 	/System/Library/Frameworks/Carbon.framework/Versions/A/Frameworks/Print.framework/Versions/A/Print
0x000000000c52e000 	/System/Library/Frameworks/Carbon.framework/Versions/A/Frameworks/SecurityHI.framework/Versions/A/SecurityHI
0x000000016d05d000 	/Library/Java/JavaVirtualMachines/jdk1.7.0_15.jdk/Contents/Home/jre/lib/libawt.dylib
0x000000016d10c000 	/Library/Java/JavaVirtualMachines/jdk1.7.0_15.jdk/Contents/Home/jre/lib/./libmlib_image.dylib
0x000000016d1d8000 	/Library/Java/JavaVirtualMachines/jdk1.7.0_15.jdk/Contents/Home/jre/lib/lwawt/liblwawt.dylib
0x000000016d28a000 	/Library/Java/JavaVirtualMachines/jdk1.7.0_15.jdk/Contents/Home/jre/lib/libosxapp.dylib
0x000000016d2a6000 	/System/Library/Frameworks/ExceptionHandling.framework/Versions/A/ExceptionHandling
0x000000000c52e000 	/System/Library/PrivateFrameworks/CoreServicesInternal.framework/Versions/A/CoreServicesInternal
0x000000000c52e000 	/System/Library/PrivateFrameworks/Librarian.framework/Versions/A/Librarian
0x000000000c52e000 	/System/Library/Frameworks/ApplicationServices.framework/Versions/A/Frameworks/CoreGraphics.framework/Versions/A/Resources/libCSync.A.dylib
0x000000000c52e000 	/System/Library/Frameworks/ApplicationServices.framework/Versions/A/Frameworks/CoreGraphics.framework/Versions/A/Resources/libRIP.A.dylib
0x000000000c52e000 	/System/Library/Frameworks/ApplicationServices.framework/Versions/A/Frameworks/CoreGraphics.framework/Versions/A/Resources/libCGXType.A.dylib
0x0000000170fd6000 	/System/Library/Frameworks/OpenGL.framework/Resources/GLEngine.bundle/GLEngine
0x00000001711cb000 	/System/Library/Frameworks/OpenGL.framework/Versions/A/Libraries/libGLProgrammability.dylib
0x000000016e97c000 	/System/Library/Frameworks/OpenGL.framework/Resources//GLRendererFloat.bundle/GLRendererFloat
0x000000016e93c000 	/System/Library/Frameworks/OpenCL.framework/Versions/A/Libraries/libcldcpuengine.dylib
0x000000000c52e000 	/System/Library/PrivateFrameworks/DiskImages.framework/Versions/A/DiskImages
0x000000000c52e000 	/System/Library/Frameworks/DiscRecording.framework/Versions/A/DiscRecording
0x000000000c52e000 	/usr/lib/libcurl.4.dylib
0x000000000c52e000 	/System/Library/PrivateFrameworks/MediaKit.framework/Versions/A/MediaKit
0x000000000c52e000 	/usr/lib/libssl.0.9.8.dylib
0x000000000c52e000 	/usr/lib/libcrypto.0.9.8.dylib
0x000000000c52e000 	/System/Library/Frameworks/LDAP.framework/Versions/A/LDAP
0x000000000c52e000 	/usr/lib/libsasl2.2.dylib

VM Arguments:
jvm_args: -Dfile.encoding=US-ASCII 
java_command: com.mitp0sh.jaclaff.test.SimpleGUI
Launcher Type: SUN_STANDARD

Environment Variables:
PATH=/usr/bin:/bin:/usr/sbin:/sbin
SHELL=/bin/bash

Signal Handlers:
SIGSEGV: [libjvm.dylib+0x4a361d], sa_mask[0]=0xfffefeff, sa_flags=0x00000042
SIGBUS: [libjvm.dylib+0x4a361d], sa_mask[0]=0xfffefeff, sa_flags=0x00000042
SIGFPE: [libjvm.dylib+0x3b302d], sa_mask[0]=0xfffefeff, sa_flags=0x00000042
SIGPIPE: [libjvm.dylib+0x3b302d], sa_mask[0]=0xfffefeff, sa_flags=0x00000042
SIGXFSZ: [libjvm.dylib+0x3b302d], sa_mask[0]=0xfffefeff, sa_flags=0x00000042
SIGILL: [libjvm.dylib+0x3b302d], sa_mask[0]=0xfffefeff, sa_flags=0x00000042
SIGUSR1: SIG_DFL, sa_mask[0]=0x00000000, sa_flags=0x00000002
SIGUSR2: [libjvm.dylib+0x3b2bc6], sa_mask[0]=0x00000004, sa_flags=0x00000042
SIGHUP: [libjvm.dylib+0x3b0e27], sa_mask[0]=0xfffefeff, sa_flags=0x00000042
SIGINT: [libjvm.dylib+0x3b0e27], sa_mask[0]=0xfffefeff, sa_flags=0x00000042
SIGTERM: [libjvm.dylib+0x3b0e27], sa_mask[0]=0xfffefeff, sa_flags=0x00000042
SIGQUIT: [libjvm.dylib+0x3b0e27], sa_mask[0]=0xfffefeff, sa_flags=0x00000042


---------------  S Y S T E M  ---------------

OS:Bsduname:Darwin 12.5.0 Darwin Kernel Version 12.5.0: Sun Sep 29 13:33:47 PDT 2013; root:xnu-2050.48.12~1/RELEASE_X86_64 x86_64
rlimit: STACK 8192k, CORE 0k, NPROC 709, NOFILE 10240, AS infinity
load average:1.54 2.25 1.77

CPU:total 2 (1 cores per cpu, 1 threads per core) family 6 model 42 stepping 7, cmov, cx8, fxsr, mmx, sse, sse2, sse3, ssse3, sse4.1, sse4.2, popcnt, avx, tsc, tscinvbit

Memory: 4k page, physical 5851836k(1462959k free)

/proc/meminfo:


vm_info: Java HotSpot(TM) 64-Bit Server VM (23.7-b01) for bsd-amd64 JRE (1.7.0_15-b03), built on Feb 15 2013 14:26:35 by "java_re" with gcc 4.2.1 (Based on Apple Inc. build 5658) (LLVM build 2336.11.00)

time: Sun Dec 29 03:26:54 2013
elapsed time: 0 seconds

