#
# A fatal error has been detected by the Java Runtime Environment:
#
#  SIGSEGV (0xb) at pc=0x00007fff91ffd8b5, pid=2089, tid=35363
#
# JRE version: 7.0_15-b03
# Java VM: Java HotSpot(TM) 64-Bit Server VM (23.7-b01 mixed mode bsd-amd64 compressed oops)
# Problematic frame:
# C  [libGL.dylib+0x18b5]  glGetString+0xf
#
# Failed to write core dump. Core dumps have been disabled. To enable core dumping, try "ulimit -c unlimited" before starting Java again
#
# If you would like to submit a bug report, please visit:
#   http://bugreport.sun.com/bugreport/crash.jsp
# The crash happened outside the Java Virtual Machine in native code.
# See problematic frame for where to report the bug.
#

---------------  T H R E A D  ---------------

Current thread (0x00007fce9b0de800):  JavaThread "Java2D Queue Flusher" daemon [_thread_in_native, id=35363, stack(0x0000000172318000,0x0000000172418000)]

siginfo:si_signo=SIGSEGV: si_errno=0, si_code=1 (SEGV_MAPERR), si_addr=0x00000000000003b0

Registers:
RAX=0x0000000000001f00, RBX=0x000000016e7218f0, RCX=0x0000000000000000, RDX=0x0000000000000000
RSP=0x0000000172417910, RBP=0x0000000172417910, RSI=0x00000001724179b8, RDI=0x0000000000001f00
R8 =0x8000000000000000, R9 =0x0000000000000002, R10=0x0000000107652f64, R11=0x0000000106dc8e1b
R12=0x0000000000000000, R13=0x000000010ab3ecb8, R14=0x00000001724179c0, R15=0x00007fce9b0de800
RIP=0x00007fff91ffd8b5, EFLAGS=0x0000000000010202, ERR=0x0000000000000004
  TRAPNO=0x000000000000000e

Top of Stack: (sp=0x0000000172417910)
0x0000000172417910:   0000000172417950 000000016e6a1d7b
0x0000000172417920:   00007fce9b0de9d8 000000010ab3ecb8
0x0000000172417930:   0000000000000000 000000010ab3ecb8
0x0000000172417940:   00000001724179c0 00007fce9b0de800
0x0000000172417950:   00000001724179a8 0000000107652f90
0x0000000172417960:   000000010765e1a3 0000000172417968
0x0000000172417970:   000000010ab3ecb8 00000001724179c0
0x0000000172417980:   000000010ab41ba0 0000000000000000
0x0000000172417990:   000000010ab3ecb8 0000000000000000
0x00000001724179a0:   00000001724179c8 0000000172417a18
0x00000001724179b0:   0000000107647333 000000014b1e5830
0x00000001724179c0:   000000010764fddb 0000000000000000
0x00000001724179d0:   000000014b1e4af0 00000001724179d8
0x00000001724179e0:   000000010ab4214d 0000000172417a28
0x00000001724179f0:   000000010ab42468 0000000000000000
0x0000000172417a00:   000000010ab42158 00000001724179c8
0x0000000172417a10:   0000000172417a28 0000000172417a80
0x0000000172417a20:   0000000107647806 000000014b1e59b0
0x0000000172417a30:   0000000000000001 000000014b1e4e70
0x0000000172417a40:   0000000172417a30 000000010ab29587
0x0000000172417a50:   0000000172417aa8 000000010ab29a40
0x0000000172417a60:   0000000000000000 000000010ab29650
0x0000000172417a70:   0000000172417a28 0000000172417aa8
0x0000000172417a80:   0000000172417b10 00000001076414f7
0x0000000172417a90:   0000000000000000 0000000000000000
0x0000000172417aa0:   0000000000000000 000000014b1e4e70
0x0000000172417ab0:   0000000100001fa0 0000000000000001
0x0000000172417ac0:   00007fce9b0de800 000000010764146f
0x0000000172417ad0:   000000000000000a 00007fce9a89bcd0
0x0000000172417ae0:   0000000172417b80 0000000172417d50
0x0000000172417af0:   000000000000000a 000000010ab29650
0x0000000172417b00:   0000000107651700 0000000172417cc0 

Instructions: (pc=0x00007fff91ffd8b5)
0x00007fff91ffd895:   00 48 8b 8a a8 03 00 00 48 8b 3a 48 89 c6 5d ff
0x00007fff91ffd8a5:   e1 55 48 89 e5 89 f8 65 48 8b 14 25 f0 00 00 00
0x00007fff91ffd8b5:   48 8b 8a b0 03 00 00 48 8b 3a 89 c6 5d ff e1 55
0x00007fff91ffd8c5:   48 89 e5 49 89 d0 89 f1 89 fa 65 48 8b 34 25 f0 

Register to memory mapping:

RAX=0x0000000000001f00 is an unknown value
RBX=0x000000016e7218f0: j2d_glGetString+0 in /Library/Java/JavaVirtualMachines/jdk1.7.0_15.jdk/Contents/Home/jre/lib/lwawt/liblwawt.dylib at 0x000000016e69e000
RCX=0x0000000000000000 is an unknown value
RDX=0x0000000000000000 is an unknown value
RSP=0x0000000172417910 is pointing into the stack for thread: 0x00007fce9b0de800
RBP=0x0000000172417910 is pointing into the stack for thread: 0x00007fce9b0de800
RSI=0x00000001724179b8 is pointing into the stack for thread: 0x00007fce9b0de800
RDI=0x0000000000001f00 is an unknown value
R8 =0x8000000000000000 is an unknown value
R9 =0x0000000000000002 is an unknown value
R10=0x0000000107652f64 is an Interpreter codelet
method entry point (kind = native)  [0x0000000107652d00, 0x0000000107653540]  2112 bytes
R11=0x0000000106dc8e1b: throw_unsatisfied_link_error+0 in /Library/Java/JavaVirtualMachines/jdk1.7.0_15.jdk/Contents/Home/jre/lib/server/libjvm.dylib at 0x00000001069c4000
R12=0x0000000000000000 is an unknown value
R13=0x000000010ab3ecb8 is an oop
{method} 
 - klass: {other class}
R14=0x00000001724179c0 is pointing into the stack for thread: 0x00007fce9b0de800
R15=0x00007fce9b0de800 is a thread


Stack: [0x0000000172318000,0x0000000172418000],  sp=0x0000000172417910,  free space=1022k
Native frames: (J=compiled Java code, j=interpreted, Vv=VM code, C=native code)
C  [libGL.dylib+0x18b5]  glGetString+0xf
C  [liblwawt.dylib+0x3d7b]  Java_sun_java2d_opengl_OGLContext_getOGLIdString+0x23
j  sun.java2d.opengl.OGLContext.getOGLIdString()Ljava/lang/String;+0
j  sun.java2d.opengl.CGLGraphicsConfig$1.run()V+5
j  sun.java2d.opengl.OGLRenderQueue$QueueFlusher.run()V+95
v  ~StubRoutines::call_stub
V  [libjvm.dylib+0x28852f]
V  [libjvm.dylib+0x288a0c]
V  [libjvm.dylib+0x288b46]
V  [libjvm.dylib+0x2bf4c0]
V  [libjvm.dylib+0x478294]
V  [libjvm.dylib+0x47977a]
V  [libjvm.dylib+0x3b5191]
C  [libsystem_c.dylib+0x14772]  _pthread_start+0x147
C  [libsystem_c.dylib+0x11a1]  thread_start+0xd

Java frames: (J=compiled Java code, j=interpreted, Vv=VM code)
j  sun.java2d.opengl.OGLContext.getOGLIdString()Ljava/lang/String;+0
j  sun.java2d.opengl.CGLGraphicsConfig$1.run()V+5
j  sun.java2d.opengl.OGLRenderQueue$QueueFlusher.run()V+95
v  ~StubRoutines::call_stub

---------------  P R O C E S S  ---------------

Java Threads: ( => current thread )
=>0x00007fce9b0de800 JavaThread "Java2D Queue Flusher" daemon [_thread_in_native, id=35363, stack(0x0000000172318000,0x0000000172418000)]
  0x00007fce9a0b7800 JavaThread "AWT-Shutdown" [_thread_blocked, id=20999, stack(0x000000016e774000,0x000000016e874000)]
  0x00007fce9a05d800 JavaThread "AWT-AppKit" daemon [_thread_in_native, id=1799, stack(0x00007fff58b66000,0x00007fff59366000)]
  0x00007fce9b045000 JavaThread "Service Thread" daemon [_thread_blocked, id=20483, stack(0x000000016e2d3000,0x000000016e3d3000)]
  0x00007fce9b044000 JavaThread "C2 CompilerThread1" daemon [_thread_blocked, id=20227, stack(0x000000016e1d0000,0x000000016e2d0000)]
  0x00007fce9b02d000 JavaThread "C2 CompilerThread0" daemon [_thread_blocked, id=19971, stack(0x000000016e0cd000,0x000000016e1cd000)]
  0x00007fce9b029800 JavaThread "Signal Dispatcher" daemon [_thread_blocked, id=19731, stack(0x000000016dfca000,0x000000016e0ca000)]
  0x00007fce9a04f800 JavaThread "Finalizer" daemon [_thread_blocked, id=15107, stack(0x000000016dd04000,0x000000016de04000)]
  0x00007fce9a049800 JavaThread "Reference Handler" daemon [_thread_blocked, id=14851, stack(0x000000016dc01000,0x000000016dd01000)]
  0x00007fce9a00e000 JavaThread "main" [_thread_blocked, id=5891, stack(0x000000010746c000,0x000000010756c000)]

Other Threads:
  0x00007fce9a047000 VMThread [stack: 0x000000016dafe000,0x000000016dbfe000] [id=14595]
  0x00007fce9a050800 WatcherThread [stack: 0x000000016e3d6000,0x000000016e4d6000] [id=20739]

VM state:not at safepoint (normal execution)

VM Mutex/Monitor currently owned by a thread: None

Heap
 PSYoungGen      total 26688K, used 1841K [0x000000014b120000, 0x000000014cee0000, 0x0000000168d20000)
  eden space 22912K, 8% used [0x000000014b120000,0x000000014b2ec4c0,0x000000014c780000)
  from space 3776K, 0% used [0x000000014cb30000,0x000000014cb30000,0x000000014cee0000)
  to   space 3776K, 0% used [0x000000014c780000,0x000000014c780000,0x000000014cb30000)
 ParOldGen       total 60928K, used 0K [0x000000010f920000, 0x00000001134a0000, 0x000000014b120000)
  object space 60928K, 0% used [0x000000010f920000,0x000000010f920000,0x00000001134a0000)
 PSPermGen       total 21248K, used 4233K [0x000000010a720000, 0x000000010bbe0000, 0x000000010f920000)
  object space 21248K, 19% used [0x000000010a720000,0x000000010ab424e8,0x000000010bbe0000)

Card table byte_map: [0x0000000168d20000,0x0000000169014000] byte_map_base: 0x00000001684cc700

Polling page: 0x00000001075ab000

Code Cache  [0x0000000107641000, 0x00000001078b1000, 0x000000010a641000)
 total_blobs=212 nmethods=1 adapters=164 free_code_cache=48754Kb largest_free_block=49923712

Compilation events (2 events):
Event: 0.133 Thread 0x00007fce9b02d000    1             java.lang.String::hashCode (55 bytes)
Event: 0.143 Thread 0x00007fce9b02d000 nmethod 1 0x00000001076a1350 code [0x00000001076a14a0, 0x00000001076a1638]

GC Heap History (0 events):
No events

Deoptimization events (0 events):
No events

Internal exceptions (10 events):
Event: 0.147 Thread 0x00007fce9a00e000 Threw 0x000000014b1b06c8 at /HUDSON/workspace/jdk7u15-2-build-macosx-amd64-product/jdk7u15/hotspot/src/share/vm/prims/jvm.cpp:1166
Event: 0.148 Thread 0x00007fce9a00e000 Threw 0x000000014b1b1160 at /HUDSON/workspace/jdk7u15-2-build-macosx-amd64-product/jdk7u15/hotspot/src/share/vm/prims/jni.cpp:716
Event: 0.148 Thread 0x00007fce9a00e000 Threw 0x000000014b1b1280 at /HUDSON/workspace/jdk7u15-2-build-macosx-amd64-product/jdk7u15/hotspot/src/share/vm/prims/jvm.cpp:1166
Event: 0.148 Thread 0x00007fce9a00e000 Threw 0x000000014b1b13a8 at /HUDSON/workspace/jdk7u15-2-build-macosx-amd64-product/jdk7u15/hotspot/src/share/vm/prims/jvm.cpp:1166
Event: 0.152 Thread 0x00007fce9a00e000 Threw 0x000000014b1c3778 at /HUDSON/workspace/jdk7u15-2-build-macosx-amd64-product/jdk7u15/hotspot/src/share/vm/prims/jni.cpp:716
Event: 0.152 Thread 0x00007fce9a00e000 Threw 0x000000014b1c3898 at /HUDSON/workspace/jdk7u15-2-build-macosx-amd64-product/jdk7u15/hotspot/src/share/vm/prims/jvm.cpp:1166
Event: 0.152 Thread 0x00007fce9a00e000 Threw 0x000000014b1c39c0 at /HUDSON/workspace/jdk7u15-2-build-macosx-amd64-product/jdk7u15/hotspot/src/share/vm/prims/jvm.cpp:1166
Event: 0.152 Thread 0x00007fce9a00e000 Threw 0x000000014b1c3c10 at /HUDSON/workspace/jdk7u15-2-build-macosx-amd64-product/jdk7u15/hotspot/src/share/vm/prims/jvm.cpp:1166
Event: 0.542 Thread 0x00007fce9a00e000 Threw 0x000000014b1d0e68 at /HUDSON/workspace/jdk7u15-2-build-macosx-amd64-product/jdk7u15/hotspot/src/share/vm/prims/jni.cpp:716
Event: 0.542 Thread 0x00007fce9a00e000 Threw 0x000000014b1d17a8 at /HUDSON/workspace/jdk7u15-2-build-macosx-amd64-product/jdk7u15/hotspot/src/share/vm/prims/jni.cpp:716

Events (10 events):
Event: 0.569 loading class 0x00007fce9a89f150 done
Event: 0.569 loading class 0x00007fce9a842ea0 done
Event: 0.570 loading class 0x00007fce9a89f0a0
Event: 0.570 loading class 0x00007fce9a89f0a0 done
Event: 0.570 loading class 0x00007fce9a899490
Event: 0.570 loading class 0x00007fce9a8a01c0
Event: 0.570 loading class 0x00007fce9a8a01c0 done
Event: 0.570 loading class 0x00007fce9a899490 done
Event: 0.580 loading class 0x00007fce9a899510
Event: 0.580 loading class 0x00007fce9a899510 done


Dynamic libraries:
0x000000000c52e000 	/System/Library/Frameworks/Cocoa.framework/Versions/A/Cocoa
0x000000000c52e000 	/System/Library/Frameworks/Security.framework/Versions/A/Security
0x000000000c52e000 	/System/Library/Frameworks/ApplicationServices.framework/Versions/A/ApplicationServices
0x000000000c52e000 	/usr/lib/libz.1.dylib
0x000000000c52e000 	/usr/lib/libSystem.B.dylib
0x000000000c52e000 	/usr/lib/libobjc.A.dylib
0x000000000c52e000 	/System/Library/Frameworks/CoreFoundation.framework/Versions/A/CoreFoundation
0x000000000c52e000 	/System/Library/Frameworks/AppKit.framework/Versions/C/AppKit
0x000000000c52e000 	/System/Library/Frameworks/CoreData.framework/Versions/A/CoreData
0x000000000c52e000 	/System/Library/Frameworks/Foundation.framework/Versions/C/Foundation
0x000000000c52e000 	/System/Library/PrivateFrameworks/RemoteViewServices.framework/Versions/A/RemoteViewServices
0x000000000c52e000 	/System/Library/Frameworks/AudioToolbox.framework/Versions/A/AudioToolbox
0x000000000c52e000 	/System/Library/Frameworks/AudioUnit.framework/Versions/A/AudioUnit
0x000000000c52e000 	/System/Library/PrivateFrameworks/DataDetectorsCore.framework/Versions/A/DataDetectorsCore
0x000000000c52e000 	/System/Library/PrivateFrameworks/DesktopServicesPriv.framework/Versions/A/DesktopServicesPriv
0x000000000c52e000 	/System/Library/Frameworks/Carbon.framework/Versions/A/Frameworks/HIToolbox.framework/Versions/A/HIToolbox
0x000000000c52e000 	/System/Library/Frameworks/QuartzCore.framework/Versions/A/QuartzCore
0x000000000c52e000 	/System/Library/Frameworks/Carbon.framework/Versions/A/Frameworks/SpeechRecognition.framework/Versions/A/SpeechRecognition
0x000000000c52e000 	/usr/lib/libauto.dylib
0x000000000c52e000 	/usr/lib/libicucore.A.dylib
0x000000000c52e000 	/usr/lib/libxml2.2.dylib
0x000000000c52e000 	/System/Library/PrivateFrameworks/CoreUI.framework/Versions/A/CoreUI
0x000000000c52e000 	/System/Library/Frameworks/CoreAudio.framework/Versions/A/CoreAudio
0x000000000c52e000 	/System/Library/Frameworks/DiskArbitration.framework/Versions/A/DiskArbitration
0x000000000c52e000 	/usr/lib/liblangid.dylib
0x000000000c52e000 	/System/Library/PrivateFrameworks/MultitouchSupport.framework/Versions/A/MultitouchSupport
0x000000000c52e000 	/System/Library/Frameworks/IOKit.framework/Versions/A/IOKit
0x000000000c52e000 	/usr/lib/libDiagnosticMessagesClient.dylib
0x000000000c52e000 	/System/Library/Frameworks/CoreServices.framework/Versions/A/CoreServices
0x000000000c52e000 	/System/Library/PrivateFrameworks/PerformanceAnalysis.framework/Versions/A/PerformanceAnalysis
0x000000000c52e000 	/System/Library/PrivateFrameworks/GenerationalStorage.framework/Versions/A/GenerationalStorage
0x000000000c52e000 	/System/Library/Frameworks/OpenGL.framework/Versions/A/OpenGL
0x000000000c52e000 	/System/Library/Frameworks/CoreText.framework/Versions/A/CoreText
0x000000000c52e000 	/System/Library/Frameworks/ImageIO.framework/Versions/A/ImageIO
0x000000000c52e000 	/System/Library/PrivateFrameworks/Backup.framework/Versions/A/Backup
0x000000000c52e000 	/System/Library/Frameworks/CFNetwork.framework/Versions/A/CFNetwork
0x000000000c52e000 	/System/Library/Frameworks/SystemConfiguration.framework/Versions/A/SystemConfiguration
0x000000000c52e000 	/usr/lib/libCRFSuite.dylib
0x000000000c52e000 	/System/Library/PrivateFrameworks/TCC.framework/Versions/A/TCC
0x000000000c52e000 	/usr/lib/libc++.1.dylib
0x000000000c52e000 	/usr/lib/libc++abi.dylib
0x000000000c52e000 	/usr/lib/system/libcache.dylib
0x000000000c52e000 	/usr/lib/system/libcommonCrypto.dylib
0x000000000c52e000 	/usr/lib/system/libcompiler_rt.dylib
0x000000000c52e000 	/usr/lib/system/libcopyfile.dylib
0x000000000c52e000 	/usr/lib/system/libdispatch.dylib
0x000000000c52e000 	/usr/lib/system/libdnsinfo.dylib
0x000000000c52e000 	/usr/lib/system/libdyld.dylib
0x000000000c52e000 	/usr/lib/system/libkeymgr.dylib
0x000000000c52e000 	/usr/lib/system/liblaunch.dylib
0x000000000c52e000 	/usr/lib/system/libmacho.dylib
0x000000000c52e000 	/usr/lib/system/libquarantine.dylib
0x000000000c52e000 	/usr/lib/system/libremovefile.dylib
0x000000000c52e000 	/usr/lib/system/libsystem_blocks.dylib
0x000000000c52e000 	/usr/lib/system/libsystem_c.dylib
0x000000000c52e000 	/usr/lib/system/libsystem_dnssd.dylib
0x000000000c52e000 	/usr/lib/system/libsystem_info.dylib
0x000000000c52e000 	/usr/lib/system/libsystem_kernel.dylib
0x000000000c52e000 	/usr/lib/system/libsystem_m.dylib
0x000000000c52e000 	/usr/lib/system/libsystem_network.dylib
0x000000000c52e000 	/usr/lib/system/libsystem_notify.dylib
0x000000000c52e000 	/usr/lib/system/libsystem_sandbox.dylib
0x000000000c52e000 	/usr/lib/system/libunc.dylib
0x000000000c52e000 	/usr/lib/system/libunwind.dylib
0x000000000c52e000 	/usr/lib/system/libxpc.dylib
0x000000000c52e000 	/usr/lib/system/libcorecrypto.dylib
0x000000000c52e000 	/usr/lib/libstdc++.6.dylib
0x000000000c52e000 	/usr/lib/libbsm.0.dylib
0x000000000c52e000 	/usr/lib/libsqlite3.dylib
0x000000000c52e000 	/usr/lib/libxar.1.dylib
0x000000000c52e000 	/usr/lib/libpam.2.dylib
0x000000000c52e000 	/usr/lib/libOpenScriptingUtil.dylib
0x000000000c52e000 	/usr/lib/libbz2.1.0.dylib
0x000000000c52e000 	/System/Library/Frameworks/CoreServices.framework/Versions/A/Frameworks/CarbonCore.framework/Versions/A/CarbonCore
0x000000000c52e000 	/System/Library/Frameworks/CoreServices.framework/Versions/A/Frameworks/Metadata.framework/Versions/A/Metadata
0x000000000c52e000 	/System/Library/Frameworks/CoreServices.framework/Versions/A/Frameworks/OSServices.framework/Versions/A/OSServices
0x000000000c52e000 	/System/Library/Frameworks/CoreServices.framework/Versions/A/Frameworks/SearchKit.framework/Versions/A/SearchKit
0x000000000c52e000 	/System/Library/Frameworks/CoreServices.framework/Versions/A/Frameworks/AE.framework/Versions/A/AE
0x000000000c52e000 	/System/Library/Frameworks/CoreServices.framework/Versions/A/Frameworks/LaunchServices.framework/Versions/A/LaunchServices
0x000000000c52e000 	/System/Library/Frameworks/CoreServices.framework/Versions/A/Frameworks/DictionaryServices.framework/Versions/A/DictionaryServices
0x000000000c52e000 	/System/Library/Frameworks/NetFS.framework/Versions/A/NetFS
0x000000000c52e000 	/usr/lib/system/libkxld.dylib
0x000000000c52e000 	/System/Library/PrivateFrameworks/NetAuth.framework/Versions/A/NetAuth
0x000000000c52e000 	/System/Library/Frameworks/OpenDirectory.framework/Versions/A/Frameworks/CFOpenDirectory.framework/Versions/A/CFOpenDirectory
0x000000000c52e000 	/usr/lib/libxslt.1.dylib
0x000000000c52e000 	/System/Library/PrivateFrameworks/FamilyControls.framework/Versions/A/FamilyControls
0x000000000c52e000 	/System/Library/Frameworks/Carbon.framework/Versions/A/Frameworks/Ink.framework/Versions/A/Ink
0x000000000c52e000 	/System/Library/Frameworks/ApplicationServices.framework/Versions/A/Frameworks/CoreGraphics.framework/Versions/A/CoreGraphics
0x000000000c52e000 	/System/Library/Frameworks/ApplicationServices.framework/Versions/A/Frameworks/ATS.framework/Versions/A/ATS
0x000000000c52e000 	/System/Library/Frameworks/ApplicationServices.framework/Versions/A/Frameworks/ColorSync.framework/Versions/A/ColorSync
0x000000000c52e000 	/System/Library/Frameworks/ApplicationServices.framework/Versions/A/Frameworks/HIServices.framework/Versions/A/HIServices
0x000000000c52e000 	/System/Library/Frameworks/ApplicationServices.framework/Versions/A/Frameworks/LangAnalysis.framework/Versions/A/LangAnalysis
0x000000000c52e000 	/System/Library/Frameworks/ApplicationServices.framework/Versions/A/Frameworks/PrintCore.framework/Versions/A/PrintCore
0x000000000c52e000 	/System/Library/Frameworks/ApplicationServices.framework/Versions/A/Frameworks/QD.framework/Versions/A/QD
0x000000000c52e000 	/System/Library/Frameworks/ApplicationServices.framework/Versions/A/Frameworks/SpeechSynthesis.framework/Versions/A/SpeechSynthesis
0x000000000c52e000 	/System/Library/Frameworks/IOSurface.framework/Versions/A/IOSurface
0x000000000c52e000 	/System/Library/Frameworks/Accelerate.framework/Versions/A/Accelerate
0x000000000c52e000 	/System/Library/Frameworks/ApplicationServices.framework/Versions/A/Frameworks/ATS.framework/Versions/A/Resources/libFontParser.dylib
0x000000000c52e000 	/System/Library/Frameworks/ApplicationServices.framework/Versions/A/Frameworks/ATS.framework/Versions/A/Resources/libFontRegistry.dylib
0x000000000c52e000 	/System/Library/Frameworks/Accelerate.framework/Versions/A/Frameworks/vImage.framework/Versions/A/vImage
0x000000000c52e000 	/System/Library/Frameworks/Accelerate.framework/Versions/A/Frameworks/vecLib.framework/Versions/A/vecLib
0x000000000c52e000 	/System/Library/Frameworks/Accelerate.framework/Versions/A/Frameworks/vecLib.framework/Versions/A/libvDSP.dylib
0x000000000c52e000 	/System/Library/Frameworks/Accelerate.framework/Versions/A/Frameworks/vecLib.framework/Versions/A/libvMisc.dylib
0x000000000c52e000 	/System/Library/Frameworks/Accelerate.framework/Versions/A/Frameworks/vecLib.framework/Versions/A/libLAPACK.dylib
0x000000000c52e000 	/System/Library/Frameworks/Accelerate.framework/Versions/A/Frameworks/vecLib.framework/Versions/A/libBLAS.dylib
0x000000000c52e000 	/System/Library/Frameworks/ImageIO.framework/Versions/A/Resources/libJPEG.dylib
0x000000000c52e000 	/System/Library/Frameworks/ImageIO.framework/Versions/A/Resources/libTIFF.dylib
0x000000000c52e000 	/System/Library/Frameworks/ImageIO.framework/Versions/A/Resources/libPng.dylib
0x000000000c52e000 	/System/Library/Frameworks/ImageIO.framework/Versions/A/Resources/libGIF.dylib
0x000000000c52e000 	/System/Library/Frameworks/ImageIO.framework/Versions/A/Resources/libJP2.dylib
0x000000000c52e000 	/System/Library/Frameworks/ImageIO.framework/Versions/A/Resources/libRadiance.dylib
0x000000000c52e000 	/usr/lib/libcups.2.dylib
0x000000000c52e000 	/System/Library/Frameworks/Kerberos.framework/Versions/A/Kerberos
0x000000000c52e000 	/System/Library/Frameworks/GSS.framework/Versions/A/GSS
0x000000000c52e000 	/usr/lib/libresolv.9.dylib
0x000000000c52e000 	/usr/lib/libiconv.2.dylib
0x000000000c52e000 	/System/Library/PrivateFrameworks/Heimdal.framework/Versions/A/Heimdal
0x000000000c52e000 	/System/Library/PrivateFrameworks/TrustEvaluationAgent.framework/Versions/A/TrustEvaluationAgent
0x000000000c52e000 	/System/Library/Frameworks/OpenDirectory.framework/Versions/A/OpenDirectory
0x000000000c52e000 	/System/Library/PrivateFrameworks/CommonAuth.framework/Versions/A/CommonAuth
0x000000000c52e000 	/System/Library/PrivateFrameworks/Bom.framework/Versions/A/Bom
0x000000000c52e000 	/System/Library/Frameworks/CoreVideo.framework/Versions/A/CoreVideo
0x000000000c52e000 	/System/Library/Frameworks/QuartzCore.framework/Versions/A/Frameworks/CoreImage.framework/Versions/A/CoreImage
0x000000000c52e000 	/System/Library/Frameworks/QuartzCore.framework/Versions/A/Frameworks/ScalableUserInterface.framework/Versions/A/ScalableUserInterface
0x000000000c52e000 	/System/Library/Frameworks/OpenGL.framework/Versions/A/Libraries/libGLU.dylib
0x000000000c52e000 	/System/Library/Frameworks/OpenGL.framework/Versions/A/Libraries/libGFXShared.dylib
0x000000000c52e000 	/System/Library/Frameworks/OpenGL.framework/Versions/A/Libraries/libGL.dylib
0x000000000c52e000 	/System/Library/Frameworks/OpenGL.framework/Versions/A/Libraries/libGLImage.dylib
0x000000000c52e000 	/System/Library/Frameworks/OpenGL.framework/Versions/A/Libraries/libCVMSPluginSupport.dylib
0x000000000c52e000 	/System/Library/Frameworks/OpenGL.framework/Versions/A/Libraries/libCoreVMClient.dylib
0x000000000c52e000 	/System/Library/PrivateFrameworks/CrashReporterSupport.framework/Versions/A/CrashReporterSupport
0x000000000c52e000 	/System/Library/Frameworks/OpenCL.framework/Versions/A/OpenCL
0x000000000c52e000 	/System/Library/PrivateFrameworks/FaceCoreLight.framework/Versions/A/FaceCoreLight
0x000000000c52e000 	/System/Library/PrivateFrameworks/AppleFSCompression.framework/Versions/A/AppleFSCompression
0x000000000c52e000 	/System/Library/PrivateFrameworks/Ubiquity.framework/Versions/A/Ubiquity
0x000000000c52e000 	/System/Library/Frameworks/ServiceManagement.framework/Versions/A/ServiceManagement
0x000000000c52e000 	/System/Library/PrivateFrameworks/ChunkingLibrary.framework/Versions/A/ChunkingLibrary
0x000000000c52e000 	/System/Library/Frameworks/vecLib.framework/Versions/A/vecLib
0x000000000c52e000 	/System/Library/Frameworks/SecurityFoundation.framework/Versions/A/SecurityFoundation
0x000000000c52e000 	/System/Library/PrivateFrameworks/CommerceKit.framework/Versions/A/Frameworks/CommerceCore.framework/Versions/A/CommerceCore
0x000000000c52e000 	/System/Library/PrivateFrameworks/CoreSymbolication.framework/Versions/A/CoreSymbolication
0x000000000c52e000 	/System/Library/PrivateFrameworks/Symbolication.framework/Versions/A/Symbolication
0x000000000c52e000 	/System/Library/PrivateFrameworks/DebugSymbols.framework/Versions/A/DebugSymbols
0x00000001069c4000 	/Library/Java/JavaVirtualMachines/jdk1.7.0_15.jdk/Contents/Home/jre/lib/server/libjvm.dylib
0x000000010756e000 	/Library/Java/JavaVirtualMachines/jdk1.7.0_15.jdk/Contents/Home/jre/lib/libverify.dylib
0x000000010757b000 	/Library/Java/JavaVirtualMachines/jdk1.7.0_15.jdk/Contents/Home/jre/lib/libjava.dylib
0x0000000107638000 	/Library/Java/JavaVirtualMachines/jdk1.7.0_15.jdk/Contents/Home/jre/lib/libzip.dylib
0x000000016de06000 	/System/Library/Frameworks/JavaVM.framework/Frameworks/JavaRuntimeSupport.framework/JavaRuntimeSupport
0x000000016de1e000 	/System/Library/Frameworks/JavaVM.framework/Versions/A/Frameworks/JavaNativeFoundation.framework/Versions/A/JavaNativeFoundation
0x000000010a702000 	/System/Library/Frameworks/JavaVM.framework/Versions/A/JavaVM
0x000000000c52e000 	/System/Library/Frameworks/Carbon.framework/Versions/A/Carbon
0x000000016de33000 	/System/Library/PrivateFrameworks/JavaLaunching.framework/Versions/A/JavaLaunching
0x000000000c52e000 	/System/Library/Frameworks/Carbon.framework/Versions/A/Frameworks/CommonPanels.framework/Versions/A/CommonPanels
0x000000000c52e000 	/System/Library/Frameworks/Carbon.framework/Versions/A/Frameworks/Help.framework/Versions/A/Help
0x000000000c52e000 	/System/Library/Frameworks/Carbon.framework/Versions/A/Frameworks/ImageCapture.framework/Versions/A/ImageCapture
0x000000000c52e000 	/System/Library/Frameworks/Carbon.framework/Versions/A/Frameworks/OpenScripting.framework/Versions/A/OpenScripting
0x000000000c52e000 	/System/Library/Frameworks/Carbon.framework/Versions/A/Frameworks/Print.framework/Versions/A/Print
0x000000000c52e000 	/System/Library/Frameworks/Carbon.framework/Versions/A/Frameworks/SecurityHI.framework/Versions/A/SecurityHI
0x000000016e523000 	/Library/Java/JavaVirtualMachines/jdk1.7.0_15.jdk/Contents/Home/jre/lib/libawt.dylib
0x000000016e5d2000 	/Library/Java/JavaVirtualMachines/jdk1.7.0_15.jdk/Contents/Home/jre/lib/./libmlib_image.dylib
0x000000016e69e000 	/Library/Java/JavaVirtualMachines/jdk1.7.0_15.jdk/Contents/Home/jre/lib/lwawt/liblwawt.dylib
0x000000016e750000 	/Library/Java/JavaVirtualMachines/jdk1.7.0_15.jdk/Contents/Home/jre/lib/libosxapp.dylib
0x000000016e76c000 	/System/Library/Frameworks/ExceptionHandling.framework/Versions/A/ExceptionHandling
0x000000000c52e000 	/System/Library/PrivateFrameworks/CoreServicesInternal.framework/Versions/A/CoreServicesInternal
0x000000000c52e000 	/System/Library/PrivateFrameworks/Librarian.framework/Versions/A/Librarian
0x000000000c52e000 	/System/Library/Frameworks/ApplicationServices.framework/Versions/A/Frameworks/CoreGraphics.framework/Versions/A/Resources/libCSync.A.dylib
0x000000000c52e000 	/System/Library/Frameworks/ApplicationServices.framework/Versions/A/Frameworks/CoreGraphics.framework/Versions/A/Resources/libRIP.A.dylib
0x000000000c52e000 	/System/Library/Frameworks/ApplicationServices.framework/Versions/A/Frameworks/CoreGraphics.framework/Versions/A/Resources/libCGXType.A.dylib
0x000000017241a000 	/System/Library/Frameworks/OpenGL.framework/Resources/GLEngine.bundle/GLEngine
0x000000017260f000 	/System/Library/Frameworks/OpenGL.framework/Versions/A/Libraries/libGLProgrammability.dylib
0x000000016fe43000 	/System/Library/Frameworks/OpenGL.framework/Resources//GLRendererFloat.bundle/GLRendererFloat
0x000000016fe03000 	/System/Library/Frameworks/OpenCL.framework/Versions/A/Libraries/libcldcpuengine.dylib
0x000000000c52e000 	/System/Library/PrivateFrameworks/DiskImages.framework/Versions/A/DiskImages
0x000000000c52e000 	/System/Library/Frameworks/DiscRecording.framework/Versions/A/DiscRecording
0x000000000c52e000 	/usr/lib/libcurl.4.dylib
0x000000000c52e000 	/System/Library/PrivateFrameworks/MediaKit.framework/Versions/A/MediaKit
0x000000000c52e000 	/usr/lib/libssl.0.9.8.dylib
0x000000000c52e000 	/usr/lib/libcrypto.0.9.8.dylib
0x000000000c52e000 	/System/Library/Frameworks/LDAP.framework/Versions/A/LDAP
0x000000000c52e000 	/usr/lib/libsasl2.2.dylib

VM Arguments:
jvm_args: -Dfile.encoding=US-ASCII 
java_command: com.mitp0sh.jaclaff.test.SimpleGUI
Launcher Type: SUN_STANDARD

Environment Variables:
PATH=/usr/bin:/bin:/usr/sbin:/sbin
SHELL=/bin/bash

Signal Handlers:
SIGSEGV: [libjvm.dylib+0x4a361d], sa_mask[0]=0xfffefeff, sa_flags=0x00000042
SIGBUS: [libjvm.dylib+0x4a361d], sa_mask[0]=0xfffefeff, sa_flags=0x00000042
SIGFPE: [libjvm.dylib+0x3b302d], sa_mask[0]=0xfffefeff, sa_flags=0x00000042
SIGPIPE: [libjvm.dylib+0x3b302d], sa_mask[0]=0xfffefeff, sa_flags=0x00000042
SIGXFSZ: [libjvm.dylib+0x3b302d], sa_mask[0]=0xfffefeff, sa_flags=0x00000042
SIGILL: [libjvm.dylib+0x3b302d], sa_mask[0]=0xfffefeff, sa_flags=0x00000042
SIGUSR1: SIG_DFL, sa_mask[0]=0x00000000, sa_flags=0x00000002
SIGUSR2: [libjvm.dylib+0x3b2bc6], sa_mask[0]=0x00000004, sa_flags=0x00000042
SIGHUP: [libjvm.dylib+0x3b0e27], sa_mask[0]=0xfffefeff, sa_flags=0x00000042
SIGINT: [libjvm.dylib+0x3b0e27], sa_mask[0]=0xfffefeff, sa_flags=0x00000042
SIGTERM: [libjvm.dylib+0x3b0e27], sa_mask[0]=0xfffefeff, sa_flags=0x00000042
SIGQUIT: [libjvm.dylib+0x3b0e27], sa_mask[0]=0xfffefeff, sa_flags=0x00000042


---------------  S Y S T E M  ---------------

OS:Bsduname:Darwin 12.5.0 Darwin Kernel Version 12.5.0: Sun Sep 29 13:33:47 PDT 2013; root:xnu-2050.48.12~1/RELEASE_X86_64 x86_64
rlimit: STACK 8192k, CORE 0k, NPROC 709, NOFILE 10240, AS infinity
load average:1.07 1.21 1.39

CPU:total 2 (1 cores per cpu, 1 threads per core) family 6 model 42 stepping 7, cmov, cx8, fxsr, mmx, sse, sse2, sse3, ssse3, sse4.1, sse4.2, popcnt, avx, tsc, tscinvbit

Memory: 4k page, physical 5847248k(1461812k free)

/proc/meminfo:


vm_info: Java HotSpot(TM) 64-Bit Server VM (23.7-b01) for bsd-amd64 JRE (1.7.0_15-b03), built on Feb 15 2013 14:26:35 by "java_re" with gcc 4.2.1 (Based on Apple Inc. build 5658) (LLVM build 2336.11.00)

time: Sun Dec 29 03:33:49 2013
elapsed time: 0 seconds

